<Event>
  <System>
    <Provider Name="Microsoft-Windows-Security-Auditing" Guid="{54849625-5478-4994-a5ba-3e3b0328c30d}"/>
    <EventID>4624</EventID>
    <Version>3</Version>
    <Level>0</Level>
    <Task>12544</Task>
    <Opcode>0</Opcode>
    <Keywords>0x8020000000000000</Keywords>
    <TimeCreated SystemTime="2026-07-10T19:42:17.0423991Z"/>
    <EventRecordID>400217</EventRecordID>
    <Correlation ActivityID="{30b04451-f9ab-0003-07ff-54edff8566a8}"/>
    <Execution ProcessID="884" ThreadID="940"/>
    <Channel>Security</Channel>
    <Computer>WKSTN-017.corp.local</Computer>
    <Security/>
  </System>
  <EventData>
    <Data Name="SubjectUserSid">S-1-5-18</Data>
    <Data Name="SubjectUserName">SYSTEM</Data>
    <Data Name="SubjectDomainName">NT AUTHORITY</Data>
    <Data Name="SubjectLogonId">0x3e7</Data>
    <Data Name="TargetUserSid">S-1-5-21-1004336348-1177238915-682003330-1208</Data>
    <Data Name="TargetUserName">njones</Data>
    <Data Name="TargetDomainName">CORP</Data>
    <Data Name="TargetLogonId">0xb325c7</Data>
    <Data Name="LogonType">3</Data>
    <Data Name="LogonProcessName">NtLmSsp</Data>
    <Data Name="AuthenticationPackageName">NTLM</Data>
    <Data Name="WorkstationName">WKSTN-005</Data>
    <Data Name="LogonGuid">{00000000-0000-0000-0000-000000000000}</Data>
    <Data Name="TransmittedServices">-</Data>
    <Data Name="LmPackageName">-</Data>
    <Data Name="KeyLength">128</Data>
    <Data Name="ProcessId">0x67e</Data>
    <Data Name="ProcessName">C:\Windows\System32\services.exe</Data>
    <Data Name="IpAddress">10.10.5.201</Data>
    <Data Name="IpPort">55493</Data>
    <Data Name="ImpersonationLevel">%%1833</Data>
    <Data Name="RestrictedAdminMode">-</Data>
    <Data Name="RemoteCredentialGuard">-</Data>
    <Data Name="TargetOutboundUserName">-</Data>
    <Data Name="TargetOutboundDomainName">-</Data>
    <Data Name="VirtualAccount">%%1843</Data>
    <Data Name="TargetLinkedLogonId">0x0</Data>
    <Data Name="ElevatedToken">%%1843</Data>
  </EventData>
</Event>
<Event>
  <System>
    <Provider Name="Microsoft-Windows-Security-Auditing" Guid="{54849625-5478-4994-a5ba-3e3b0328c30d}"/>
    <EventID>4624</EventID>
    <Version>3</Version>
    <Level>0</Level>
    <Task>12544</Task>
    <Opcode>0</Opcode>
    <Keywords>0x8020000000000000</Keywords>
    <TimeCreated SystemTime="2026-07-10T19:45:07.7761525Z"/>
    <EventRecordID>400315</EventRecordID>
    <Correlation ActivityID="{889af952-959c-0003-07ff-73b2533d8f58}"/>
    <Execution ProcessID="884" ThreadID="940"/>
    <Channel>Security</Channel>
    <Computer>WKSTN-099.corp.local</Computer>
    <Security/>
  </System>
  <EventData>
    <Data Name="SubjectUserSid">S-1-5-18</Data>
    <Data Name="SubjectUserName">SYSTEM</Data>
    <Data Name="SubjectDomainName">NT AUTHORITY</Data>
    <Data Name="SubjectLogonId">0x3e7</Data>
    <Data Name="TargetUserSid">S-1-5-21-1004336348-1177238915-682003330-1211</Data>
    <Data Name="TargetUserName">qroberts</Data>
    <Data Name="TargetDomainName">CORP</Data>
    <Data Name="TargetLogonId">0x894223</Data>
    <Data Name="LogonType">3</Data>
    <Data Name="LogonProcessName">NtLmSsp</Data>
    <Data Name="AuthenticationPackageName">NTLM</Data>
    <Data Name="WorkstationName">WKSTN-088</Data>
    <Data Name="LogonGuid">{00000000-0000-0000-0000-000000000000}</Data>
    <Data Name="TransmittedServices">-</Data>
    <Data Name="LmPackageName">-</Data>
    <Data Name="KeyLength">128</Data>
    <Data Name="ProcessId">0xc95</Data>
    <Data Name="ProcessName">C:\Windows\System32\services.exe</Data>
    <Data Name="IpAddress">10.10.8.88</Data>
    <Data Name="IpPort">63640</Data>
    <Data Name="ImpersonationLevel">%%1833</Data>
    <Data Name="RestrictedAdminMode">-</Data>
    <Data Name="RemoteCredentialGuard">-</Data>
    <Data Name="TargetOutboundUserName">-</Data>
    <Data Name="TargetOutboundDomainName">-</Data>
    <Data Name="VirtualAccount">%%1843</Data>
    <Data Name="TargetLinkedLogonId">0x0</Data>
    <Data Name="ElevatedToken">%%1843</Data>
  </EventData>
</Event>
<Event>
  <System>
    <Provider Name="Microsoft-Windows-Security-Auditing" Guid="{54849625-5478-4994-a5ba-3e3b0328c30d}"/>
    <EventID>4624</EventID>
    <Version>3</Version>
    <Level>0</Level>
    <Task>12544</Task>
    <Opcode>0</Opcode>
    <Keywords>0x8020000000000000</Keywords>
    <TimeCreated SystemTime="2026-07-10T19:50:44.3466631Z"/>
    <EventRecordID>400198</EventRecordID>
    <Correlation ActivityID="{23040c0f-37c6-0003-07ff-11b452985de7}"/>
    <Execution ProcessID="884" ThreadID="940"/>
    <Channel>Security</Channel>
    <Computer>WKSTN-017.corp.local</Computer>
    <Security/>
  </System>
  <EventData>
    <Data Name="SubjectUserSid">S-1-5-18</Data>
    <Data Name="SubjectUserName">SYSTEM</Data>
    <Data Name="SubjectDomainName">NT AUTHORITY</Data>
    <Data Name="SubjectLogonId">0x3e7</Data>
    <Data Name="TargetUserSid">S-1-5-21-1004336348-1177238915-682003330-1209</Data>
    <Data Name="TargetUserName">ogarcia</Data>
    <Data Name="TargetDomainName">CORP</Data>
    <Data Name="TargetLogonId">0x24632a</Data>
    <Data Name="LogonType">3</Data>
    <Data Name="LogonProcessName">NtLmSsp</Data>
    <Data Name="AuthenticationPackageName">NTLM</Data>
    <Data Name="WorkstationName">WKSTN-099</Data>
    <Data Name="LogonGuid">{00000000-0000-0000-0000-000000000000}</Data>
    <Data Name="TransmittedServices">-</Data>
    <Data Name="LmPackageName">-</Data>
    <Data Name="KeyLength">128</Data>
    <Data Name="ProcessId">0xb68</Data>
    <Data Name="ProcessName">C:\Windows\System32\services.exe</Data>
    <Data Name="IpAddress">10.10.9.99</Data>
    <Data Name="IpPort">53611</Data>
    <Data Name="ImpersonationLevel">%%1833</Data>
    <Data Name="RestrictedAdminMode">-</Data>
    <Data Name="RemoteCredentialGuard">-</Data>
    <Data Name="TargetOutboundUserName">-</Data>
    <Data Name="TargetOutboundDomainName">-</Data>
    <Data Name="VirtualAccount">%%1843</Data>
    <Data Name="TargetLinkedLogonId">0x0</Data>
    <Data Name="ElevatedToken">%%1843</Data>
  </EventData>
</Event>
<Event>
  <System>
    <Provider Name="Microsoft-Windows-Security-Auditing" Guid="{54849625-5478-4994-a5ba-3e3b0328c30d}"/>
    <EventID>4624</EventID>
    <Version>3</Version>
    <Level>0</Level>
    <Task>12544</Task>
    <Opcode>0</Opcode>
    <Keywords>0x8020000000000000</Keywords>
    <TimeCreated SystemTime="2026-07-10T19:50:52.3090054Z"/>
    <EventRecordID>400206</EventRecordID>
    <Correlation ActivityID="{c8719d91-1d0c-0003-07ff-4c9d4ebb6fe7}"/>
    <Execution ProcessID="884" ThreadID="940"/>
    <Channel>Security</Channel>
    <Computer>WKSTN-005.corp.local</Computer>
    <Security/>
  </System>
  <EventData>
    <Data Name="SubjectUserSid">S-1-5-18</Data>
    <Data Name="SubjectUserName">SYSTEM</Data>
    <Data Name="SubjectDomainName">NT AUTHORITY</Data>
    <Data Name="SubjectLogonId">0x3e7</Data>
    <Data Name="TargetUserSid">S-1-5-21-1004336348-1177238915-682003330-1211</Data>
    <Data Name="TargetUserName">qroberts</Data>
    <Data Name="TargetDomainName">CORP</Data>
    <Data Name="TargetLogonId">0x8ffff8</Data>
    <Data Name="LogonType">3</Data>
    <Data Name="LogonProcessName">NtLmSsp</Data>
    <Data Name="AuthenticationPackageName">NTLM</Data>
    <Data Name="WorkstationName">WKSTN-088</Data>
    <Data Name="LogonGuid">{00000000-0000-0000-0000-000000000000}</Data>
    <Data Name="TransmittedServices">-</Data>
    <Data Name="LmPackageName">-</Data>
    <Data Name="KeyLength">128</Data>
    <Data Name="ProcessId">0xb9c</Data>
    <Data Name="ProcessName">C:\Windows\System32\services.exe</Data>
    <Data Name="IpAddress">10.10.8.88</Data>
    <Data Name="IpPort">49830</Data>
    <Data Name="ImpersonationLevel">%%1833</Data>
    <Data Name="RestrictedAdminMode">-</Data>
    <Data Name="RemoteCredentialGuard">-</Data>
    <Data Name="TargetOutboundUserName">-</Data>
    <Data Name="TargetOutboundDomainName">-</Data>
    <Data Name="VirtualAccount">%%1843</Data>
    <Data Name="TargetLinkedLogonId">0x0</Data>
    <Data Name="ElevatedToken">%%1843</Data>
  </EventData>
</Event>
<Event>
  <System>
    <Provider Name="Microsoft-Windows-Security-Auditing" Guid="{54849625-5478-4994-a5ba-3e3b0328c30d}"/>
    <EventID>4624</EventID>
    <Version>3</Version>
    <Level>0</Level>
    <Task>12544</Task>
    <Opcode>0</Opcode>
    <Keywords>0x8020000000000000</Keywords>
    <TimeCreated SystemTime="2026-07-10T19:52:42.9920686Z"/>
    <EventRecordID>400244</EventRecordID>
    <Correlation ActivityID="{1b40a4d9-aa52-0003-07ff-fb19f4f4eb98}"/>
    <Execution ProcessID="884" ThreadID="940"/>
    <Channel>Security</Channel>
    <Computer>WKSTN-088.corp.local</Computer>
    <Security/>
  </System>
  <EventData>
    <Data Name="SubjectUserSid">S-1-5-18</Data>
    <Data Name="SubjectUserName">SYSTEM</Data>
    <Data Name="SubjectDomainName">NT AUTHORITY</Data>
    <Data Name="SubjectLogonId">0x3e7</Data>
    <Data Name="TargetUserSid">S-1-5-21-1004336348-1177238915-682003330-1212</Data>
    <Data Name="TargetUserName">sfoster</Data>
    <Data Name="TargetDomainName">CORP</Data>
    <Data Name="TargetLogonId">0xfdcc8f</Data>
    <Data Name="LogonType">3</Data>
    <Data Name="LogonProcessName">NtLmSsp</Data>
    <Data Name="AuthenticationPackageName">NTLM</Data>
    <Data Name="WorkstationName">WKSTN-005</Data>
    <Data Name="LogonGuid">{00000000-0000-0000-0000-000000000000}</Data>
    <Data Name="TransmittedServices">-</Data>
    <Data Name="LmPackageName">-</Data>
    <Data Name="KeyLength">128</Data>
    <Data Name="ProcessId">0x450</Data>
    <Data Name="ProcessName">C:\Windows\System32\services.exe</Data>
    <Data Name="IpAddress">10.10.5.201</Data>
    <Data Name="IpPort">63279</Data>
    <Data Name="ImpersonationLevel">%%1833</Data>
    <Data Name="RestrictedAdminMode">-</Data>
    <Data Name="RemoteCredentialGuard">-</Data>
    <Data Name="TargetOutboundUserName">-</Data>
    <Data Name="TargetOutboundDomainName">-</Data>
    <Data Name="VirtualAccount">%%1843</Data>
    <Data Name="TargetLinkedLogonId">0x0</Data>
    <Data Name="ElevatedToken">%%1843</Data>
  </EventData>
</Event>
<Event>
  <System>
    <Provider Name="Microsoft-Windows-Security-Auditing" Guid="{54849625-5478-4994-a5ba-3e3b0328c30d}"/>
    <EventID>4624</EventID>
    <Version>3</Version>
    <Level>0</Level>
    <Task>12544</Task>
    <Opcode>0</Opcode>
    <Keywords>0x8020000000000000</Keywords>
    <TimeCreated SystemTime="2026-07-10T19:52:58.7706708Z"/>
    <EventRecordID>400258</EventRecordID>
    <Correlation ActivityID="{94db3fe6-df12-0003-07ff-04f21a406e53}"/>
    <Execution ProcessID="884" ThreadID="940"/>
    <Channel>Security</Channel>
    <Computer>WKSTN-042.corp.local</Computer>
    <Security/>
  </System>
  <EventData>
    <Data Name="SubjectUserSid">S-1-5-18</Data>
    <Data Name="SubjectUserName">SYSTEM</Data>
    <Data Name="SubjectDomainName">NT AUTHORITY</Data>
    <Data Name="SubjectLogonId">0x3e7</Data>
    <Data Name="TargetUserSid">S-1-5-21-1004336348-1177238915-682003330-1203</Data>
    <Data Name="TargetUserName">ktanaka</Data>
    <Data Name="TargetDomainName">CORP</Data>
    <Data Name="TargetLogonId">0x9fd56c</Data>
    <Data Name="LogonType">3</Data>
    <Data Name="LogonProcessName">NtLmSsp</Data>
    <Data Name="AuthenticationPackageName">NTLM</Data>
    <Data Name="WorkstationName">WKSTN-088</Data>
    <Data Name="LogonGuid">{00000000-0000-0000-0000-000000000000}</Data>
    <Data Name="TransmittedServices">-</Data>
    <Data Name="LmPackageName">-</Data>
    <Data Name="KeyLength">128</Data>
    <Data Name="ProcessId">0x43b</Data>
    <Data Name="ProcessName">C:\Windows\System32\services.exe</Data>
    <Data Name="IpAddress">10.10.8.88</Data>
    <Data Name="IpPort">51617</Data>
    <Data Name="ImpersonationLevel">%%1833</Data>
    <Data Name="RestrictedAdminMode">-</Data>
    <Data Name="RemoteCredentialGuard">-</Data>
    <Data Name="TargetOutboundUserName">-</Data>
    <Data Name="TargetOutboundDomainName">-</Data>
    <Data Name="VirtualAccount">%%1843</Data>
    <Data Name="TargetLinkedLogonId">0x0</Data>
    <Data Name="ElevatedToken">%%1843</Data>
  </EventData>
</Event>
<Event>
  <System>
    <Provider Name="Microsoft-Windows-Security-Auditing" Guid="{54849625-5478-4994-a5ba-3e3b0328c30d}"/>
    <EventID>4624</EventID>
    <Version>3</Version>
    <Level>0</Level>
    <Task>12544</Task>
    <Opcode>0</Opcode>
    <Keywords>0x8020000000000000</Keywords>
    <TimeCreated SystemTime="2026-07-10T19:54:17.8608244Z"/>
    <EventRecordID>400309</EventRecordID>
    <Correlation ActivityID="{c03f143e-d9a2-0003-07ff-fe144608b79e}"/>
    <Execution ProcessID="884" ThreadID="940"/>
    <Channel>Security</Channel>
    <Computer>WKSTN-042.corp.local</Computer>
    <Security/>
  </System>
  <EventData>
    <Data Name="SubjectUserSid">S-1-5-18</Data>
    <Data Name="SubjectUserName">SYSTEM</Data>
    <Data Name="SubjectDomainName">NT AUTHORITY</Data>
    <Data Name="SubjectLogonId">0x3e7</Data>
    <Data Name="TargetUserSid">S-1-5-21-1004336348-1177238915-682003330-1203</Data>
    <Data Name="TargetUserName">ktanaka</Data>
    <Data Name="TargetDomainName">CORP</Data>
    <Data Name="TargetLogonId">0xceed2a</Data>
    <Data Name="LogonType">3</Data>
    <Data Name="LogonProcessName">NtLmSsp</Data>
    <Data Name="AuthenticationPackageName">NTLM</Data>
    <Data Name="WorkstationName">WKSTN-088</Data>
    <Data Name="LogonGuid">{00000000-0000-0000-0000-000000000000}</Data>
    <Data Name="TransmittedServices">-</Data>
    <Data Name="LmPackageName">-</Data>
    <Data Name="KeyLength">128</Data>
    <Data Name="ProcessId">0x5ee</Data>
    <Data Name="ProcessName">C:\Windows\System32\services.exe</Data>
    <Data Name="IpAddress">10.10.8.88</Data>
    <Data Name="IpPort">53607</Data>
    <Data Name="ImpersonationLevel">%%1833</Data>
    <Data Name="RestrictedAdminMode">-</Data>
    <Data Name="RemoteCredentialGuard">-</Data>
    <Data Name="TargetOutboundUserName">-</Data>
    <Data Name="TargetOutboundDomainName">-</Data>
    <Data Name="VirtualAccount">%%1843</Data>
    <Data Name="TargetLinkedLogonId">0x0</Data>
    <Data Name="ElevatedToken">%%1843</Data>
  </EventData>
</Event>
</Events>
