<Event>
  <System>
    <Provider Name="Microsoft-Windows-Sysmon" Guid="{5770385f-c22a-43e0-bf4c-06f5698ffbd9}"/>
    <EventID>1</EventID>
    <Version>5</Version>
    <Level>4</Level>
    <Task>1</Task>
    <Opcode>0</Opcode>
    <Keywords>0x8000000000000000</Keywords>
    <TimeCreated SystemTime="2026-07-11T14:19:35.1258129Z"/>
    <EventRecordID>117338</EventRecordID>
    <Correlation/>
    <Execution ProcessID="3684" ThreadID="3968"/>
    <Channel>Microsoft-Windows-Sysmon/Operational</Channel>
    <Computer>WKSTN-005.corp.local</Computer>
    <Security UserID="S-1-5-18"/>
  </System>
  <EventData>
    <Data Name="RuleName">-</Data>
    <Data Name="UtcTime">2026-07-11 14:19:35.125</Data>
    <Data Name="ProcessGuid">{6e800213-30d7-668e-5588-75cb8a23faa2}</Data>
    <Data Name="ProcessId">7926</Data>
    <Data Name="Image">C:\Program Files\Google\Chrome\Application\chrome.exe</Data>
    <Data Name="FileVersion">10.0.19041.1 (WinBuild.160101.0800)</Data>
    <Data Name="Description">Google Chrome</Data>
    <Data Name="Product">Google Chrome</Data>
    <Data Name="Company">Google LLC</Data>
    <Data Name="OriginalFileName">chrome.exe</Data>
    <Data Name="CommandLine">"C:\Program Files\Google\Chrome\Application\chrome.exe"</Data>
    <Data Name="CurrentDirectory">C:\Users\sfoster\</Data>
    <Data Name="User">CORP\sfoster</Data>
    <Data Name="LogonGuid">{cf5cc907-1eb0-668e-a0d8-031ce313ecb3}</Data>
    <Data Name="LogonId">0x5b43db</Data>
    <Data Name="TerminalSessionId">1</Data>
    <Data Name="IntegrityLevel">Medium</Data>
    <Data Name="Hashes">MD5=0A50CA6F98BB662BDCA878E34D30FC75,SHA256=12E160F3ED475AA3235EED3B30E8948CED0184BEDAF25A89B9EB2C2802800A99</Data>
    <Data Name="ParentProcessGuid">{e3b97c16-8b86-668e-0981-1210dac26662}</Data>
    <Data Name="ParentProcessId">8483</Data>
    <Data Name="ParentImage">C:\Windows\explorer.exe</Data>
    <Data Name="ParentCommandLine">"C:\Windows\explorer.exe"</Data>
    <Data Name="ParentUser">CORP\sfoster</Data>
  </EventData>
</Event>
<Event>
  <System>
    <Provider Name="Microsoft-Windows-Sysmon" Guid="{5770385f-c22a-43e0-bf4c-06f5698ffbd9}"/>
    <EventID>1</EventID>
    <Version>5</Version>
    <Level>4</Level>
    <Task>1</Task>
    <Opcode>0</Opcode>
    <Keywords>0x8000000000000000</Keywords>
    <TimeCreated SystemTime="2026-07-11T14:28:42.5085025Z"/>
    <EventRecordID>117359</EventRecordID>
    <Correlation/>
    <Execution ProcessID="3684" ThreadID="3968"/>
    <Channel>Microsoft-Windows-Sysmon/Operational</Channel>
    <Computer>WKSTN-088.corp.local</Computer>
    <Security UserID="S-1-5-18"/>
  </System>
  <EventData>
    <Data Name="RuleName">-</Data>
    <Data Name="UtcTime">2026-07-11 14:28:42.508</Data>
    <Data Name="ProcessGuid">{0ea2d60c-d5cf-668e-901e-6e453fc806c2}</Data>
    <Data Name="ProcessId">9826</Data>
    <Data Name="Image">C:\Program Files\Microsoft Office\root\Office16\WINWORD.EXE</Data>
    <Data Name="FileVersion">10.0.19041.1 (WinBuild.160101.0800)</Data>
    <Data Name="Description">Microsoft Word</Data>
    <Data Name="Product">Microsoft Office</Data>
    <Data Name="Company">Microsoft Corporation</Data>
    <Data Name="OriginalFileName">WINWORD.EXE</Data>
    <Data Name="CommandLine">"C:\Program Files\Microsoft Office\root\Office16\WINWORD.EXE"</Data>
    <Data Name="CurrentDirectory">C:\Users\zwalker\</Data>
    <Data Name="User">CORP\zwalker</Data>
    <Data Name="LogonGuid">{f9c6d71b-8c1f-668e-087a-3fb62e5d218a}</Data>
    <Data Name="LogonId">0x667728</Data>
    <Data Name="TerminalSessionId">3</Data>
    <Data Name="IntegrityLevel">Medium</Data>
    <Data Name="Hashes">MD5=C628EC35DA1FBAA6FF2DD1CA23E99F65,SHA256=2FEA9AE9FE0C1AA69BD975EB922ADB4FE12BC5CC21B4E401A8C73D8D1CC9657F</Data>
    <Data Name="ParentProcessGuid">{9b98052b-ca0a-668e-8928-547ac1447b22}</Data>
    <Data Name="ParentProcessId">5079</Data>
    <Data Name="ParentImage">C:\Windows\explorer.exe</Data>
    <Data Name="ParentCommandLine">"C:\Windows\explorer.exe"</Data>
    <Data Name="ParentUser">CORP\zwalker</Data>
  </EventData>
</Event>
<Event>
  <System>
    <Provider Name="Microsoft-Windows-Sysmon" Guid="{5770385f-c22a-43e0-bf4c-06f5698ffbd9}"/>
    <EventID>1</EventID>
    <Version>5</Version>
    <Level>4</Level>
    <Task>1</Task>
    <Opcode>0</Opcode>
    <Keywords>0x8000000000000000</Keywords>
    <TimeCreated SystemTime="2026-07-11T14:29:06.3514524Z"/>
    <EventRecordID>117316</EventRecordID>
    <Correlation/>
    <Execution ProcessID="3684" ThreadID="3968"/>
    <Channel>Microsoft-Windows-Sysmon/Operational</Channel>
    <Computer>WKSTN-005.corp.local</Computer>
    <Security UserID="S-1-5-18"/>
  </System>
  <EventData>
    <Data Name="RuleName">-</Data>
    <Data Name="UtcTime">2026-07-11 14:29:06.351</Data>
    <Data Name="ProcessGuid">{2341f030-a6bd-668e-f5d5-ba4bed2b076b}</Data>
    <Data Name="ProcessId">7500</Data>
    <Data Name="Image">C:\Program Files\Google\Chrome\Application\chrome.exe</Data>
    <Data Name="FileVersion">10.0.19041.1 (WinBuild.160101.0800)</Data>
    <Data Name="Description">Google Chrome</Data>
    <Data Name="Product">Google Chrome</Data>
    <Data Name="Company">Google LLC</Data>
    <Data Name="OriginalFileName">chrome.exe</Data>
    <Data Name="CommandLine">"C:\Program Files\Google\Chrome\Application\chrome.exe"</Data>
    <Data Name="CurrentDirectory">C:\Users\sfoster\</Data>
    <Data Name="User">CORP\sfoster</Data>
    <Data Name="LogonGuid">{fdb90391-ada0-668e-4bef-11a14e08c6c2}</Data>
    <Data Name="LogonId">0x97521a</Data>
    <Data Name="TerminalSessionId">2</Data>
    <Data Name="IntegrityLevel">Medium</Data>
    <Data Name="Hashes">MD5=36D86C4DD2D6CEF2EEA5D95C3B8E2834,SHA256=8A5EF1B1FAA1AD5892CEB03736E1E829503789652909C59FD6BE56D5F771079A</Data>
    <Data Name="ParentProcessGuid">{81d2d608-6845-668e-fb64-302776008017}</Data>
    <Data Name="ParentProcessId">7341</Data>
    <Data Name="ParentImage">C:\Windows\explorer.exe</Data>
    <Data Name="ParentCommandLine">"C:\Windows\explorer.exe"</Data>
    <Data Name="ParentUser">CORP\sfoster</Data>
  </EventData>
</Event>
<Event>
  <System>
    <Provider Name="Microsoft-Windows-Sysmon" Guid="{5770385f-c22a-43e0-bf4c-06f5698ffbd9}"/>
    <EventID>1</EventID>
    <Version>5</Version>
    <Level>4</Level>
    <Task>1</Task>
    <Opcode>0</Opcode>
    <Keywords>0x8000000000000000</Keywords>
    <TimeCreated SystemTime="2026-07-11T14:29:29.9148810Z"/>
    <EventRecordID>117355</EventRecordID>
    <Correlation/>
    <Execution ProcessID="3684" ThreadID="3968"/>
    <Channel>Microsoft-Windows-Sysmon/Operational</Channel>
    <Computer>WKSTN-064.corp.local</Computer>
    <Security UserID="S-1-5-18"/>
  </System>
  <EventData>
    <Data Name="RuleName">-</Data>
    <Data Name="UtcTime">2026-07-11 14:29:29.914</Data>
    <Data Name="ProcessGuid">{b31de998-1f3c-668e-ff17-05947006793f}</Data>
    <Data Name="ProcessId">1523</Data>
    <Data Name="Image">C:\Program Files\Microsoft Office\root\Office16\OUTLOOK.EXE</Data>
    <Data Name="FileVersion">10.0.19041.1 (WinBuild.160101.0800)</Data>
    <Data Name="Description">Microsoft Outlook</Data>
    <Data Name="Product">Microsoft Office</Data>
    <Data Name="Company">Microsoft Corporation</Data>
    <Data Name="OriginalFileName">OUTLOOK.EXE</Data>
    <Data Name="CommandLine">"C:\Program Files\Microsoft Office\root\Office16\OUTLOOK.EXE"</Data>
    <Data Name="CurrentDirectory">C:\Users\pnguyen\</Data>
    <Data Name="User">CORP\pnguyen</Data>
    <Data Name="LogonGuid">{54f147c6-31d5-668e-08de-d6172c28cf1e}</Data>
    <Data Name="LogonId">0xff735d</Data>
    <Data Name="TerminalSessionId">1</Data>
    <Data Name="IntegrityLevel">Medium</Data>
    <Data Name="Hashes">MD5=CD88823B213A85E5AAE7031F4A957045,SHA256=F5FB53B5F47238792CC75DEEBE4EEE38D0B69CAE91C78DF3D9C542FF6C0A7022</Data>
    <Data Name="ParentProcessGuid">{3aa06617-06b8-668e-637e-734b083fbe74}</Data>
    <Data Name="ParentProcessId">8808</Data>
    <Data Name="ParentImage">C:\Windows\explorer.exe</Data>
    <Data Name="ParentCommandLine">"C:\Windows\explorer.exe"</Data>
    <Data Name="ParentUser">CORP\pnguyen</Data>
  </EventData>
</Event>
<Event>
  <System>
    <Provider Name="Microsoft-Windows-Sysmon" Guid="{5770385f-c22a-43e0-bf4c-06f5698ffbd9}"/>
    <EventID>1</EventID>
    <Version>5</Version>
    <Level>4</Level>
    <Task>1</Task>
    <Opcode>0</Opcode>
    <Keywords>0x8000000000000000</Keywords>
    <TimeCreated SystemTime="2026-07-11T14:31:36.4110211Z"/>
    <EventRecordID>117309</EventRecordID>
    <Correlation/>
    <Execution ProcessID="3684" ThreadID="3968"/>
    <Channel>Microsoft-Windows-Sysmon/Operational</Channel>
    <Computer>WKSTN-099.corp.local</Computer>
    <Security UserID="S-1-5-18"/>
  </System>
  <EventData>
    <Data Name="RuleName">-</Data>
    <Data Name="UtcTime">2026-07-11 14:31:36.411</Data>
    <Data Name="ProcessGuid">{6339e8c3-5720-668e-1492-ba3fac6e6a66}</Data>
    <Data Name="ProcessId">8206</Data>
    <Data Name="Image">C:\Program Files\Microsoft Office\root\Office16\WINWORD.EXE</Data>
    <Data Name="FileVersion">10.0.19041.1 (WinBuild.160101.0800)</Data>
    <Data Name="Description">Microsoft Word</Data>
    <Data Name="Product">Microsoft Office</Data>
    <Data Name="Company">Microsoft Corporation</Data>
    <Data Name="OriginalFileName">WINWORD.EXE</Data>
    <Data Name="CommandLine">"C:\Program Files\Microsoft Office\root\Office16\WINWORD.EXE"</Data>
    <Data Name="CurrentDirectory">C:\Users\xdavis\</Data>
    <Data Name="User">CORP\xdavis</Data>
    <Data Name="LogonGuid">{20abef21-614e-668e-ad1a-ce6a96856388}</Data>
    <Data Name="LogonId">0x14b67f</Data>
    <Data Name="TerminalSessionId">3</Data>
    <Data Name="IntegrityLevel">Medium</Data>
    <Data Name="Hashes">MD5=A535BD1D4031813A39390B1B0278F85C,SHA256=7D8255D9E4A8759A6C094802E984B7CA5ED5033549CC3851F050E0D7B3A22FA6</Data>
    <Data Name="ParentProcessGuid">{5f14cddd-b862-668e-2c52-1cb298e6cb96}</Data>
    <Data Name="ParentProcessId">8765</Data>
    <Data Name="ParentImage">C:\Windows\explorer.exe</Data>
    <Data Name="ParentCommandLine">"C:\Windows\explorer.exe"</Data>
    <Data Name="ParentUser">CORP\xdavis</Data>
  </EventData>
</Event>
<Event>
  <System>
    <Provider Name="Microsoft-Windows-Sysmon" Guid="{5770385f-c22a-43e0-bf4c-06f5698ffbd9}"/>
    <EventID>1</EventID>
    <Version>5</Version>
    <Level>4</Level>
    <Task>1</Task>
    <Opcode>0</Opcode>
    <Keywords>0x8000000000000000</Keywords>
    <TimeCreated SystemTime="2026-07-11T14:49:40.4267497Z"/>
    <EventRecordID>117345</EventRecordID>
    <Correlation/>
    <Execution ProcessID="3684" ThreadID="3968"/>
    <Channel>Microsoft-Windows-Sysmon/Operational</Channel>
    <Computer>WKSTN-064.corp.local</Computer>
    <Security UserID="S-1-5-18"/>
  </System>
  <EventData>
    <Data Name="RuleName">-</Data>
    <Data Name="UtcTime">2026-07-11 14:49:40.426</Data>
    <Data Name="ProcessGuid">{c5e59739-8bdb-668e-28ea-61298c678aa9}</Data>
    <Data Name="ProcessId">4715</Data>
    <Data Name="Image">C:\Windows\System32\svchost.exe</Data>
    <Data Name="FileVersion">10.0.19041.1 (WinBuild.160101.0800)</Data>
    <Data Name="Description">Host Process for Windows Services</Data>
    <Data Name="Product">Microsoft® Windows® Operating System</Data>
    <Data Name="Company">Microsoft Corporation</Data>
    <Data Name="OriginalFileName">svchost.exe</Data>
    <Data Name="CommandLine">"C:\Windows\System32\svchost.exe" -k netsvcs -p</Data>
    <Data Name="CurrentDirectory">C:\Users\pnguyen\</Data>
    <Data Name="User">CORP\pnguyen</Data>
    <Data Name="LogonGuid">{e1c655cd-e910-668e-0ff7-a9d5bb03426b}</Data>
    <Data Name="LogonId">0xef218b</Data>
    <Data Name="TerminalSessionId">3</Data>
    <Data Name="IntegrityLevel">Medium</Data>
    <Data Name="Hashes">MD5=A6135A786D8CD7E1DFAD99062855328A,SHA256=F50BBA753CABA04C9B0B6C1E54964DC030CA5B9961A56D383D7E0E5F8401B159</Data>
    <Data Name="ParentProcessGuid">{a0244429-3624-668e-1b71-704541592fdd}</Data>
    <Data Name="ParentProcessId">2643</Data>
    <Data Name="ParentImage">C:\Windows\System32\services.exe</Data>
    <Data Name="ParentCommandLine">"C:\Windows\System32\services.exe"</Data>
    <Data Name="ParentUser">CORP\pnguyen</Data>
  </EventData>
</Event>
<Event>
  <System>
    <Provider Name="Microsoft-Windows-Sysmon" Guid="{5770385f-c22a-43e0-bf4c-06f5698ffbd9}"/>
    <EventID>1</EventID>
    <Version>5</Version>
    <Level>4</Level>
    <Task>1</Task>
    <Opcode>0</Opcode>
    <Keywords>0x8000000000000000</Keywords>
    <TimeCreated SystemTime="2026-07-11T16:24:03.3233594Z"/>
    <EventRecordID>117310</EventRecordID>
    <Correlation/>
    <Execution ProcessID="3684" ThreadID="3968"/>
    <Channel>Microsoft-Windows-Sysmon/Operational</Channel>
    <Computer>WKSTN-017.corp.local</Computer>
    <Security UserID="S-1-5-18"/>
  </System>
  <EventData>
    <Data Name="RuleName">-</Data>
    <Data Name="UtcTime">2026-07-11 16:24:03.323</Data>
    <Data Name="ProcessGuid">{efbe5b6e-2f41-668e-3a77-70065acd8e82}</Data>
    <Data Name="ProcessId">8531</Data>
    <Data Name="Image">C:\Program Files\Microsoft Office\root\Office16\OUTLOOK.EXE</Data>
    <Data Name="FileVersion">10.0.19041.1 (WinBuild.160101.0800)</Data>
    <Data Name="Description">Microsoft Outlook</Data>
    <Data Name="Product">Microsoft Office</Data>
    <Data Name="Company">Microsoft Corporation</Data>
    <Data Name="OriginalFileName">OUTLOOK.EXE</Data>
    <Data Name="CommandLine">"C:\Program Files\Microsoft Office\root\Office16\OUTLOOK.EXE"</Data>
    <Data Name="CurrentDirectory">C:\Users\mrodriguez\</Data>
    <Data Name="User">CORP\mrodriguez</Data>
    <Data Name="LogonGuid">{a6cdf26c-9d6a-668e-29a5-5464a69a5e68}</Data>
    <Data Name="LogonId">0xbd3d16</Data>
    <Data Name="TerminalSessionId">3</Data>
    <Data Name="IntegrityLevel">Medium</Data>
    <Data Name="Hashes">MD5=DBEEA77B53F0C90D92462A81498E60EA,SHA256=03C64F0683830B4CC6D95E425C8A96CFDFDF9CF5CD6027674F43E05DF3C2993B</Data>
    <Data Name="ParentProcessGuid">{6723b2d7-9954-668e-dd62-b960069372bc}</Data>
    <Data Name="ParentProcessId">5639</Data>
    <Data Name="ParentImage">C:\Windows\explorer.exe</Data>
    <Data Name="ParentCommandLine">"C:\Windows\explorer.exe"</Data>
    <Data Name="ParentUser">CORP\mrodriguez</Data>
  </EventData>
</Event>
<Event>
  <System>
    <Provider Name="Microsoft-Windows-Sysmon" Guid="{5770385f-c22a-43e0-bf4c-06f5698ffbd9}"/>
    <EventID>1</EventID>
    <Version>5</Version>
    <Level>4</Level>
    <Task>1</Task>
    <Opcode>0</Opcode>
    <Keywords>0x8000000000000000</Keywords>
    <TimeCreated SystemTime="2026-07-11T16:28:52.4504388Z"/>
    <EventRecordID>117294</EventRecordID>
    <Correlation/>
    <Execution ProcessID="3684" ThreadID="3968"/>
    <Channel>Microsoft-Windows-Sysmon/Operational</Channel>
    <Computer>WKSTN-064.corp.local</Computer>
    <Security UserID="S-1-5-18"/>
  </System>
  <EventData>
    <Data Name="RuleName">-</Data>
    <Data Name="UtcTime">2026-07-11 16:28:52.450</Data>
    <Data Name="ProcessGuid">{c4b3e6d3-cb54-668e-7a1f-7ff7b430c8c0}</Data>
    <Data Name="ProcessId">2152</Data>
    <Data Name="Image">C:\Program Files\Microsoft Office\root\Office16\OUTLOOK.EXE</Data>
    <Data Name="FileVersion">10.0.19041.1 (WinBuild.160101.0800)</Data>
    <Data Name="Description">Microsoft Outlook</Data>
    <Data Name="Product">Microsoft Office</Data>
    <Data Name="Company">Microsoft Corporation</Data>
    <Data Name="OriginalFileName">OUTLOOK.EXE</Data>
    <Data Name="CommandLine">"C:\Program Files\Microsoft Office\root\Office16\OUTLOOK.EXE"</Data>
    <Data Name="CurrentDirectory">C:\Users\dsingh\</Data>
    <Data Name="User">CORP\dsingh</Data>
    <Data Name="LogonGuid">{e8d761b6-f81d-668e-584c-317748ff6cb3}</Data>
    <Data Name="LogonId">0x41fa01</Data>
    <Data Name="TerminalSessionId">1</Data>
    <Data Name="IntegrityLevel">Medium</Data>
    <Data Name="Hashes">MD5=83DC26490C7BF58EC6BF4CA10E497B00,SHA256=DD58A0A2809E7BFB879A7C9C31FFEE4454D9C2A77104F04EB1FDFD71A38B7C03</Data>
    <Data Name="ParentProcessGuid">{6695b1ce-44dd-668e-521e-ceeede7f221b}</Data>
    <Data Name="ParentProcessId">7595</Data>
    <Data Name="ParentImage">C:\Windows\explorer.exe</Data>
    <Data Name="ParentCommandLine">"C:\Windows\explorer.exe"</Data>
    <Data Name="ParentUser">CORP\dsingh</Data>
  </EventData>
</Event>
<Event>
  <System>
    <Provider Name="Microsoft-Windows-Sysmon" Guid="{5770385f-c22a-43e0-bf4c-06f5698ffbd9}"/>
    <EventID>1</EventID>
    <Version>5</Version>
    <Level>4</Level>
    <Task>1</Task>
    <Opcode>0</Opcode>
    <Keywords>0x8000000000000000</Keywords>
    <TimeCreated SystemTime="2026-07-11T16:59:42.8472902Z"/>
    <EventRecordID>117321</EventRecordID>
    <Correlation/>
    <Execution ProcessID="3684" ThreadID="3968"/>
    <Channel>Microsoft-Windows-Sysmon/Operational</Channel>
    <Computer>WKSTN-088.corp.local</Computer>
    <Security UserID="S-1-5-18"/>
  </System>
  <EventData>
    <Data Name="RuleName">-</Data>
    <Data Name="UtcTime">2026-07-11 16:59:42.847</Data>
    <Data Name="ProcessGuid">{7edf71ba-52d8-668e-ad44-862424bb6560}</Data>
    <Data Name="ProcessId">6003</Data>
    <Data Name="Image">C:\Program Files (x86)\Microsoft\Teams\current\Teams.exe</Data>
    <Data Name="FileVersion">10.0.19041.1 (WinBuild.160101.0800)</Data>
    <Data Name="Description">Microsoft Teams</Data>
    <Data Name="Product">Microsoft Teams</Data>
    <Data Name="Company">Microsoft Corporation</Data>
    <Data Name="OriginalFileName">Teams.exe</Data>
    <Data Name="CommandLine">"C:\Program Files (x86)\Microsoft\Teams\current\Teams.exe"</Data>
    <Data Name="CurrentDirectory">C:\Users\mchen\</Data>
    <Data Name="User">CORP\mchen</Data>
    <Data Name="LogonGuid">{631495c9-ad78-668e-d9b6-3006bbf4c65f}</Data>
    <Data Name="LogonId">0xa0c64e</Data>
    <Data Name="TerminalSessionId">1</Data>
    <Data Name="IntegrityLevel">Medium</Data>
    <Data Name="Hashes">MD5=B15F24C953057E50F7DD9F1CA03C877B,SHA256=D46A05223F01014541B74517BC109DC2E3029F58EB33F61CDA1CBED15E63D07B</Data>
    <Data Name="ParentProcessGuid">{f3834ae0-de1e-668e-f598-a9fae2373bdf}</Data>
    <Data Name="ParentProcessId">6725</Data>
    <Data Name="ParentImage">C:\Windows\explorer.exe</Data>
    <Data Name="ParentCommandLine">"C:\Windows\explorer.exe"</Data>
    <Data Name="ParentUser">CORP\mchen</Data>
  </EventData>
</Event>
<Event>
  <System>
    <Provider Name="Microsoft-Windows-Sysmon" Guid="{5770385f-c22a-43e0-bf4c-06f5698ffbd9}"/>
    <EventID>1</EventID>
    <Version>5</Version>
    <Level>4</Level>
    <Task>1</Task>
    <Opcode>0</Opcode>
    <Keywords>0x8000000000000000</Keywords>
    <TimeCreated SystemTime="2026-07-11T17:01:47.3762088Z"/>
    <EventRecordID>117350</EventRecordID>
    <Correlation/>
    <Execution ProcessID="3684" ThreadID="3968"/>
    <Channel>Microsoft-Windows-Sysmon/Operational</Channel>
    <Computer>WKSTN-088.corp.local</Computer>
    <Security UserID="S-1-5-18"/>
  </System>
  <EventData>
    <Data Name="RuleName">-</Data>
    <Data Name="UtcTime">2026-07-11 17:01:47.376</Data>
    <Data Name="ProcessGuid">{9e91939f-380e-668e-fb2a-c5436e12c909}</Data>
    <Data Name="ProcessId">1752</Data>
    <Data Name="Image">C:\Program Files\Microsoft Office\root\Office16\OUTLOOK.EXE</Data>
    <Data Name="FileVersion">10.0.19041.1 (WinBuild.160101.0800)</Data>
    <Data Name="Description">Microsoft Outlook</Data>
    <Data Name="Product">Microsoft Office</Data>
    <Data Name="Company">Microsoft Corporation</Data>
    <Data Name="OriginalFileName">OUTLOOK.EXE</Data>
    <Data Name="CommandLine">"C:\Program Files\Microsoft Office\root\Office16\OUTLOOK.EXE"</Data>
    <Data Name="CurrentDirectory">C:\Users\qroberts\</Data>
    <Data Name="User">CORP\qroberts</Data>
    <Data Name="LogonGuid">{ad6e3c97-c233-668e-cbb4-92f3df9f5ad7}</Data>
    <Data Name="LogonId">0x49804e</Data>
    <Data Name="TerminalSessionId">3</Data>
    <Data Name="IntegrityLevel">Medium</Data>
    <Data Name="Hashes">MD5=865A203205638282122412E9E82AFD38,SHA256=4615258A48F00F15EBE86D95A859E15C3A9CCD40F5E4473E0D7698B7EB1506AC</Data>
    <Data Name="ParentProcessGuid">{fc7709f3-93a5-668e-94ec-fe83da7e8dce}</Data>
    <Data Name="ParentProcessId">4279</Data>
    <Data Name="ParentImage">C:\Windows\explorer.exe</Data>
    <Data Name="ParentCommandLine">"C:\Windows\explorer.exe"</Data>
    <Data Name="ParentUser">CORP\qroberts</Data>
  </EventData>
</Event>
<Event>
  <System>
    <Provider Name="Microsoft-Windows-Sysmon" Guid="{5770385f-c22a-43e0-bf4c-06f5698ffbd9}"/>
    <EventID>1</EventID>
    <Version>5</Version>
    <Level>4</Level>
    <Task>1</Task>
    <Opcode>0</Opcode>
    <Keywords>0x8000000000000000</Keywords>
    <TimeCreated SystemTime="2026-07-11T17:43:05.9971192Z"/>
    <EventRecordID>117298</EventRecordID>
    <Correlation/>
    <Execution ProcessID="3684" ThreadID="3968"/>
    <Channel>Microsoft-Windows-Sysmon/Operational</Channel>
    <Computer>WKSTN-088.corp.local</Computer>
    <Security UserID="S-1-5-18"/>
  </System>
  <EventData>
    <Data Name="RuleName">-</Data>
    <Data Name="UtcTime">2026-07-11 17:43:05.997</Data>
    <Data Name="ProcessGuid">{b75488ab-da56-668e-5439-9826b2ec6617}</Data>
    <Data Name="ProcessId">4842</Data>
    <Data Name="Image">C:\Program Files\Microsoft Office\root\Office16\WINWORD.EXE</Data>
    <Data Name="FileVersion">10.0.19041.1 (WinBuild.160101.0800)</Data>
    <Data Name="Description">Microsoft Word</Data>
    <Data Name="Product">Microsoft Office</Data>
    <Data Name="Company">Microsoft Corporation</Data>
    <Data Name="OriginalFileName">WINWORD.EXE</Data>
    <Data Name="CommandLine">"C:\Program Files\Microsoft Office\root\Office16\WINWORD.EXE"</Data>
    <Data Name="CurrentDirectory">C:\Users\zwalker\</Data>
    <Data Name="User">CORP\zwalker</Data>
    <Data Name="LogonGuid">{428a4ec4-7059-668e-1b42-b1ac16334d18}</Data>
    <Data Name="LogonId">0xfe6377</Data>
    <Data Name="TerminalSessionId">1</Data>
    <Data Name="IntegrityLevel">Medium</Data>
    <Data Name="Hashes">MD5=BDA828807DB9E25F1B8E9F1ACC4701BC,SHA256=098C3B0347A1DCBCD1B0B0BBEDAF6F739F87E416A42C0304ED8F29587523214D</Data>
    <Data Name="ParentProcessGuid">{2ada1f0b-db20-668e-d6d3-24f9132e60c7}</Data>
    <Data Name="ParentProcessId">9802</Data>
    <Data Name="ParentImage">C:\Windows\explorer.exe</Data>
    <Data Name="ParentCommandLine">"C:\Windows\explorer.exe"</Data>
    <Data Name="ParentUser">CORP\zwalker</Data>
  </EventData>
</Event>
<Event>
  <System>
    <Provider Name="Microsoft-Windows-Sysmon" Guid="{5770385f-c22a-43e0-bf4c-06f5698ffbd9}"/>
    <EventID>1</EventID>
    <Version>5</Version>
    <Level>4</Level>
    <Task>1</Task>
    <Opcode>0</Opcode>
    <Keywords>0x8000000000000000</Keywords>
    <TimeCreated SystemTime="2026-07-11T17:56:50.9541864Z"/>
    <EventRecordID>117340</EventRecordID>
    <Correlation/>
    <Execution ProcessID="3684" ThreadID="3968"/>
    <Channel>Microsoft-Windows-Sysmon/Operational</Channel>
    <Computer>WKSTN-064.corp.local</Computer>
    <Security UserID="S-1-5-18"/>
  </System>
  <EventData>
    <Data Name="RuleName">-</Data>
    <Data Name="UtcTime">2026-07-11 17:56:50.954</Data>
    <Data Name="ProcessGuid">{cccfb489-5073-668e-aff0-cb2348b1fe7d}</Data>
    <Data Name="ProcessId">3920</Data>
    <Data Name="Image">C:\Windows\System32\svchost.exe</Data>
    <Data Name="FileVersion">10.0.19041.1 (WinBuild.160101.0800)</Data>
    <Data Name="Description">Host Process for Windows Services</Data>
    <Data Name="Product">Microsoft® Windows® Operating System</Data>
    <Data Name="Company">Microsoft Corporation</Data>
    <Data Name="OriginalFileName">svchost.exe</Data>
    <Data Name="CommandLine">"C:\Windows\System32\svchost.exe" -k netsvcs -p</Data>
    <Data Name="CurrentDirectory">C:\Users\dsingh\</Data>
    <Data Name="User">CORP\dsingh</Data>
    <Data Name="LogonGuid">{4d36a84e-0246-668e-6411-5a718cf90e3b}</Data>
    <Data Name="LogonId">0x47e2cc</Data>
    <Data Name="TerminalSessionId">2</Data>
    <Data Name="IntegrityLevel">Medium</Data>
    <Data Name="Hashes">MD5=7732AC97AD5EA63877C943B4D8BE2CC6,SHA256=616453D1E0342AAF824B35366902F298ABFDCC4B6DE33F34179BF83EACB56014</Data>
    <Data Name="ParentProcessGuid">{7a1d1344-e3dd-668e-567b-5d02ee5daa26}</Data>
    <Data Name="ParentProcessId">4735</Data>
    <Data Name="ParentImage">C:\Windows\System32\services.exe</Data>
    <Data Name="ParentCommandLine">"C:\Windows\System32\services.exe"</Data>
    <Data Name="ParentUser">CORP\dsingh</Data>
  </EventData>
</Event>
<Event>
  <System>
    <Provider Name="Microsoft-Windows-Sysmon" Guid="{5770385f-c22a-43e0-bf4c-06f5698ffbd9}"/>
    <EventID>1</EventID>
    <Version>5</Version>
    <Level>4</Level>
    <Task>1</Task>
    <Opcode>0</Opcode>
    <Keywords>0x8000000000000000</Keywords>
    <TimeCreated SystemTime="2026-07-11T17:58:27.7232374Z"/>
    <EventRecordID>117286</EventRecordID>
    <Correlation/>
    <Execution ProcessID="3684" ThreadID="3968"/>
    <Channel>Microsoft-Windows-Sysmon/Operational</Channel>
    <Computer>WKSTN-088.corp.local</Computer>
    <Security UserID="S-1-5-18"/>
  </System>
  <EventData>
    <Data Name="RuleName">-</Data>
    <Data Name="UtcTime">2026-07-11 17:58:27.723</Data>
    <Data Name="ProcessGuid">{f89ff279-25a7-668e-7820-dbe4edcbd51d}</Data>
    <Data Name="ProcessId">2703</Data>
    <Data Name="Image">C:\Program Files\Microsoft Office\root\Office16\WINWORD.EXE</Data>
    <Data Name="FileVersion">10.0.19041.1 (WinBuild.160101.0800)</Data>
    <Data Name="Description">Microsoft Word</Data>
    <Data Name="Product">Microsoft Office</Data>
    <Data Name="Company">Microsoft Corporation</Data>
    <Data Name="OriginalFileName">WINWORD.EXE</Data>
    <Data Name="CommandLine">"C:\Program Files\Microsoft Office\root\Office16\WINWORD.EXE"</Data>
    <Data Name="CurrentDirectory">C:\Users\zwalker\</Data>
    <Data Name="User">CORP\zwalker</Data>
    <Data Name="LogonGuid">{3f641620-dcc9-668e-db38-ffe9bfbef239}</Data>
    <Data Name="LogonId">0xe16c85</Data>
    <Data Name="TerminalSessionId">1</Data>
    <Data Name="IntegrityLevel">Medium</Data>
    <Data Name="Hashes">MD5=2E9D21C57B3064FCCD940075CA171A48,SHA256=33851EDB376A59BFD17D2085F19A6DEC24EDFC436A9AC2873B669B72511A1910</Data>
    <Data Name="ParentProcessGuid">{f1776cef-e893-668e-186f-335106817a5f}</Data>
    <Data Name="ParentProcessId">9043</Data>
    <Data Name="ParentImage">C:\Windows\explorer.exe</Data>
    <Data Name="ParentCommandLine">"C:\Windows\explorer.exe"</Data>
    <Data Name="ParentUser">CORP\zwalker</Data>
  </EventData>
</Event>
<Event>
  <System>
    <Provider Name="Microsoft-Windows-Sysmon" Guid="{5770385f-c22a-43e0-bf4c-06f5698ffbd9}"/>
    <EventID>1</EventID>
    <Version>5</Version>
    <Level>4</Level>
    <Task>1</Task>
    <Opcode>0</Opcode>
    <Keywords>0x8000000000000000</Keywords>
    <TimeCreated SystemTime="2026-07-11T18:17:09.1280516Z"/>
    <EventRecordID>117281</EventRecordID>
    <Correlation/>
    <Execution ProcessID="3684" ThreadID="3968"/>
    <Channel>Microsoft-Windows-Sysmon/Operational</Channel>
    <Computer>WKSTN-017.corp.local</Computer>
    <Security UserID="S-1-5-18"/>
  </System>
  <EventData>
    <Data Name="RuleName">-</Data>
    <Data Name="UtcTime">2026-07-11 18:17:09.128</Data>
    <Data Name="ProcessGuid">{c33fea8b-61be-668e-cc4d-567a7014bb6a}</Data>
    <Data Name="ProcessId">6674</Data>
    <Data Name="Image">C:\Windows\System32\whoami.exe</Data>
    <Data Name="FileVersion">10.0.19041.1 (WinBuild.160101.0800)</Data>
    <Data Name="Description">whoami - displays logged on user information</Data>
    <Data Name="Product">Microsoft® Windows® Operating System</Data>
    <Data Name="Company">Microsoft Corporation</Data>
    <Data Name="OriginalFileName">whoami.exe</Data>
    <Data Name="CommandLine">whoami.exe</Data>
    <Data Name="CurrentDirectory">C:\Users\mrodriguez\</Data>
    <Data Name="User">CORP\mrodriguez</Data>
    <Data Name="LogonGuid">{d4953a2a-d997-668e-ff2e-27a6b21b85ad}</Data>
    <Data Name="LogonId">0x363c76</Data>
    <Data Name="TerminalSessionId">1</Data>
    <Data Name="IntegrityLevel">Medium</Data>
    <Data Name="Hashes">MD5=5F6D8663D2404DF94FFA3A7CE41EB1CC,SHA256=34ACA892D976322ACA905C431C07D757B3A542DBC261E7E299A89600E9AEFF93</Data>
    <Data Name="ParentProcessGuid">{5bc6ef63-5b59-668e-bf13-7332eb3f76b6}</Data>
    <Data Name="ParentProcessId">7011</Data>
    <Data Name="ParentImage">C:\Windows\System32\cmd.exe</Data>
    <Data Name="ParentCommandLine">"C:\Windows\System32\cmd.exe" </Data>
    <Data Name="ParentUser">CORP\mrodriguez</Data>
  </EventData>
</Event>
<Event>
  <System>
    <Provider Name="Microsoft-Windows-Sysmon" Guid="{5770385f-c22a-43e0-bf4c-06f5698ffbd9}"/>
    <EventID>1</EventID>
    <Version>5</Version>
    <Level>4</Level>
    <Task>1</Task>
    <Opcode>0</Opcode>
    <Keywords>0x8000000000000000</Keywords>
    <TimeCreated SystemTime="2026-07-11T18:23:38.3224082Z"/>
    <EventRecordID>117403</EventRecordID>
    <Correlation/>
    <Execution ProcessID="3684" ThreadID="3968"/>
    <Channel>Microsoft-Windows-Sysmon/Operational</Channel>
    <Computer>WKSTN-064.corp.local</Computer>
    <Security UserID="S-1-5-18"/>
  </System>
  <EventData>
    <Data Name="RuleName">-</Data>
    <Data Name="UtcTime">2026-07-11 18:23:38.322</Data>
    <Data Name="ProcessGuid">{43050fef-612a-668e-7057-66cee1b4f4b7}</Data>
    <Data Name="ProcessId">2421</Data>
    <Data Name="Image">C:\Windows\System32\WindowsPowerShell\v1.0\powershell.exe</Data>
    <Data Name="FileVersion">10.0.19041.1 (WinBuild.160101.0800)</Data>
    <Data Name="Description">Windows PowerShell</Data>
    <Data Name="Product">Microsoft® Windows® Operating System</Data>
    <Data Name="Company">Microsoft Corporation</Data>
    <Data Name="OriginalFileName">PowerShell.EXE</Data>
    <Data Name="CommandLine">"C:\Windows\System32\WindowsPowerShell\v1.0\powershell.exe" -NoProfile -ExecutionPolicy Bypass -Command Get-Process</Data>
    <Data Name="CurrentDirectory">C:\Users\ylewis\</Data>
    <Data Name="User">CORP\ylewis</Data>
    <Data Name="LogonGuid">{89b049d2-02c2-668e-0f37-fff70a39c0e6}</Data>
    <Data Name="LogonId">0x77490c</Data>
    <Data Name="TerminalSessionId">1</Data>
    <Data Name="IntegrityLevel">Medium</Data>
    <Data Name="Hashes">MD5=F51917590990352EAD696C28AB125087,SHA256=25DDDEEBC9C6C764193DB620F129C3F15F748CE729C85A057486DD9EF647F585</Data>
    <Data Name="ParentProcessGuid">{934e374b-774b-668e-8092-d5f8543432a9}</Data>
    <Data Name="ParentProcessId">9470</Data>
    <Data Name="ParentImage">C:\Windows\System32\cmd.exe</Data>
    <Data Name="ParentCommandLine">"C:\Windows\System32\cmd.exe" /c powershell.exe -NoProfile -ExecutionPolicy Bypass -Command Get-Process</Data>
    <Data Name="ParentUser">CORP\ylewis</Data>
  </EventData>
</Event>
<Event>
  <System>
    <Provider Name="Microsoft-Windows-Sysmon" Guid="{5770385f-c22a-43e0-bf4c-06f5698ffbd9}"/>
    <EventID>1</EventID>
    <Version>5</Version>
    <Level>4</Level>
    <Task>1</Task>
    <Opcode>0</Opcode>
    <Keywords>0x8000000000000000</Keywords>
    <TimeCreated SystemTime="2026-07-11T18:30:20.6782057Z"/>
    <EventRecordID>117326</EventRecordID>
    <Correlation/>
    <Execution ProcessID="3684" ThreadID="3968"/>
    <Channel>Microsoft-Windows-Sysmon/Operational</Channel>
    <Computer>WKSTN-088.corp.local</Computer>
    <Security UserID="S-1-5-18"/>
  </System>
  <EventData>
    <Data Name="RuleName">-</Data>
    <Data Name="UtcTime">2026-07-11 18:30:20.678</Data>
    <Data Name="ProcessGuid">{68a8c855-0d4a-668e-a710-6b1ebc78931b}</Data>
    <Data Name="ProcessId">1855</Data>
    <Data Name="Image">C:\Windows\System32\svchost.exe</Data>
    <Data Name="FileVersion">10.0.19041.1 (WinBuild.160101.0800)</Data>
    <Data Name="Description">Host Process for Windows Services</Data>
    <Data Name="Product">Microsoft® Windows® Operating System</Data>
    <Data Name="Company">Microsoft Corporation</Data>
    <Data Name="OriginalFileName">svchost.exe</Data>
    <Data Name="CommandLine">"C:\Windows\System32\svchost.exe" -k netsvcs -p</Data>
    <Data Name="CurrentDirectory">C:\Users\ktanaka\</Data>
    <Data Name="User">CORP\ktanaka</Data>
    <Data Name="LogonGuid">{51f7d2f9-ae83-668e-f280-010027715380}</Data>
    <Data Name="LogonId">0xe7b8c0</Data>
    <Data Name="TerminalSessionId">3</Data>
    <Data Name="IntegrityLevel">Medium</Data>
    <Data Name="Hashes">MD5=8022753B24EF4897ED9AC29D3B66CAE9,SHA256=F139E350774CBD3FC24CCD3C5EE0DCBE9DBEEAEFDF601EA1D467F7778E925DFC</Data>
    <Data Name="ParentProcessGuid">{79725e5e-e691-668e-f642-2cf2fe330791}</Data>
    <Data Name="ParentProcessId">6888</Data>
    <Data Name="ParentImage">C:\Windows\System32\services.exe</Data>
    <Data Name="ParentCommandLine">"C:\Windows\System32\services.exe"</Data>
    <Data Name="ParentUser">CORP\ktanaka</Data>
  </EventData>
</Event>
<Event>
  <System>
    <Provider Name="Microsoft-Windows-Sysmon" Guid="{5770385f-c22a-43e0-bf4c-06f5698ffbd9}"/>
    <EventID>1</EventID>
    <Version>5</Version>
    <Level>4</Level>
    <Task>1</Task>
    <Opcode>0</Opcode>
    <Keywords>0x8000000000000000</Keywords>
    <TimeCreated SystemTime="2026-07-11T18:38:20.9686686Z"/>
    <EventRecordID>117307</EventRecordID>
    <Correlation/>
    <Execution ProcessID="3684" ThreadID="3968"/>
    <Channel>Microsoft-Windows-Sysmon/Operational</Channel>
    <Computer>WKSTN-099.corp.local</Computer>
    <Security UserID="S-1-5-18"/>
  </System>
  <EventData>
    <Data Name="RuleName">-</Data>
    <Data Name="UtcTime">2026-07-11 18:38:20.968</Data>
    <Data Name="ProcessGuid">{54a2f8fa-58ee-668e-bcba-35ad66dfddbe}</Data>
    <Data Name="ProcessId">5656</Data>
    <Data Name="Image">C:\Program Files (x86)\Microsoft\Teams\current\Teams.exe</Data>
    <Data Name="FileVersion">10.0.19041.1 (WinBuild.160101.0800)</Data>
    <Data Name="Description">Microsoft Teams</Data>
    <Data Name="Product">Microsoft Teams</Data>
    <Data Name="Company">Microsoft Corporation</Data>
    <Data Name="OriginalFileName">Teams.exe</Data>
    <Data Name="CommandLine">"C:\Program Files (x86)\Microsoft\Teams\current\Teams.exe"</Data>
    <Data Name="CurrentDirectory">C:\Users\xdavis\</Data>
    <Data Name="User">CORP\xdavis</Data>
    <Data Name="LogonGuid">{b4b9616a-7a52-668e-b2f6-9cd0d48f3bfa}</Data>
    <Data Name="LogonId">0x070d2b</Data>
    <Data Name="TerminalSessionId">1</Data>
    <Data Name="IntegrityLevel">Medium</Data>
    <Data Name="Hashes">MD5=D301216055346AB353D7464B83845D74,SHA256=D4398A6F3A18A3CFEF123B365D9565C6AB8D166C621AE2E7563B9AA4EFD5C056</Data>
    <Data Name="ParentProcessGuid">{16202542-77fb-668e-6852-996a9ae97d64}</Data>
    <Data Name="ParentProcessId">8892</Data>
    <Data Name="ParentImage">C:\Windows\explorer.exe</Data>
    <Data Name="ParentCommandLine">"C:\Windows\explorer.exe"</Data>
    <Data Name="ParentUser">CORP\xdavis</Data>
  </EventData>
</Event>
<Event>
  <System>
    <Provider Name="Microsoft-Windows-Sysmon" Guid="{5770385f-c22a-43e0-bf4c-06f5698ffbd9}"/>
    <EventID>1</EventID>
    <Version>5</Version>
    <Level>4</Level>
    <Task>1</Task>
    <Opcode>0</Opcode>
    <Keywords>0x8000000000000000</Keywords>
    <TimeCreated SystemTime="2026-07-11T18:39:32.6728048Z"/>
    <EventRecordID>117320</EventRecordID>
    <Correlation/>
    <Execution ProcessID="3684" ThreadID="3968"/>
    <Channel>Microsoft-Windows-Sysmon/Operational</Channel>
    <Computer>WKSTN-005.corp.local</Computer>
    <Security UserID="S-1-5-18"/>
  </System>
  <EventData>
    <Data Name="RuleName">-</Data>
    <Data Name="UtcTime">2026-07-11 18:39:32.672</Data>
    <Data Name="ProcessGuid">{1dda38dd-13f0-668e-b7de-13ab55c9248c}</Data>
    <Data Name="ProcessId">6072</Data>
    <Data Name="Image">C:\Program Files\Microsoft Office\root\Office16\WINWORD.EXE</Data>
    <Data Name="FileVersion">10.0.19041.1 (WinBuild.160101.0800)</Data>
    <Data Name="Description">Microsoft Word</Data>
    <Data Name="Product">Microsoft Office</Data>
    <Data Name="Company">Microsoft Corporation</Data>
    <Data Name="OriginalFileName">WINWORD.EXE</Data>
    <Data Name="CommandLine">"C:\Program Files\Microsoft Office\root\Office16\WINWORD.EXE"</Data>
    <Data Name="CurrentDirectory">C:\Users\rpatel\</Data>
    <Data Name="User">CORP\rpatel</Data>
    <Data Name="LogonGuid">{eaabef79-6457-668e-2642-7dc87b08cf64}</Data>
    <Data Name="LogonId">0xd87216</Data>
    <Data Name="TerminalSessionId">1</Data>
    <Data Name="IntegrityLevel">Medium</Data>
    <Data Name="Hashes">MD5=EA8AD4F36E1489C8B01CC09E61D4D9CA,SHA256=F5889C7248415E9712244152A34B26C81A93CA57F00EFFB211655D0F79E975DE</Data>
    <Data Name="ParentProcessGuid">{ba4bfe6a-3c74-668e-055e-326211428118}</Data>
    <Data Name="ParentProcessId">4576</Data>
    <Data Name="ParentImage">C:\Windows\explorer.exe</Data>
    <Data Name="ParentCommandLine">"C:\Windows\explorer.exe"</Data>
    <Data Name="ParentUser">CORP\rpatel</Data>
  </EventData>
</Event>
<Event>
  <System>
    <Provider Name="Microsoft-Windows-Sysmon" Guid="{5770385f-c22a-43e0-bf4c-06f5698ffbd9}"/>
    <EventID>1</EventID>
    <Version>5</Version>
    <Level>4</Level>
    <Task>1</Task>
    <Opcode>0</Opcode>
    <Keywords>0x8000000000000000</Keywords>
    <TimeCreated SystemTime="2026-07-11T18:39:41.3026044Z"/>
    <EventRecordID>117405</EventRecordID>
    <Correlation/>
    <Execution ProcessID="3684" ThreadID="3968"/>
    <Channel>Microsoft-Windows-Sysmon/Operational</Channel>
    <Computer>WKSTN-005.corp.local</Computer>
    <Security UserID="S-1-5-18"/>
  </System>
  <EventData>
    <Data Name="RuleName">-</Data>
    <Data Name="UtcTime">2026-07-11 18:39:41.302</Data>
    <Data Name="ProcessGuid">{c4e8b0bd-b5c2-668e-d368-724a15ac52e8}</Data>
    <Data Name="ProcessId">1786</Data>
    <Data Name="Image">C:\Program Files (x86)\Microsoft\Teams\current\Teams.exe</Data>
    <Data Name="FileVersion">10.0.19041.1 (WinBuild.160101.0800)</Data>
    <Data Name="Description">Microsoft Teams</Data>
    <Data Name="Product">Microsoft Teams</Data>
    <Data Name="Company">Microsoft Corporation</Data>
    <Data Name="OriginalFileName">Teams.exe</Data>
    <Data Name="CommandLine">"C:\Program Files (x86)\Microsoft\Teams\current\Teams.exe"</Data>
    <Data Name="CurrentDirectory">C:\Users\sfoster\</Data>
    <Data Name="User">CORP\sfoster</Data>
    <Data Name="LogonGuid">{9ecc0b62-6f6e-668e-9fcc-7fff59585f92}</Data>
    <Data Name="LogonId">0xa118a2</Data>
    <Data Name="TerminalSessionId">3</Data>
    <Data Name="IntegrityLevel">Medium</Data>
    <Data Name="Hashes">MD5=5FD344D358EE9291D35EBC2091DF64AC,SHA256=820C58E2CBC6DA250A83B40FD9EF03DC40476C4F0CB726FAC46A97B2509BD7BB</Data>
    <Data Name="ParentProcessGuid">{fd199194-8394-668e-dac4-d2c18c9700e5}</Data>
    <Data Name="ParentProcessId">1359</Data>
    <Data Name="ParentImage">C:\Windows\explorer.exe</Data>
    <Data Name="ParentCommandLine">"C:\Windows\explorer.exe"</Data>
    <Data Name="ParentUser">CORP\sfoster</Data>
  </EventData>
</Event>
<Event>
  <System>
    <Provider Name="Microsoft-Windows-Sysmon" Guid="{5770385f-c22a-43e0-bf4c-06f5698ffbd9}"/>
    <EventID>1</EventID>
    <Version>5</Version>
    <Level>4</Level>
    <Task>1</Task>
    <Opcode>0</Opcode>
    <Keywords>0x8000000000000000</Keywords>
    <TimeCreated SystemTime="2026-07-11T18:46:12.7717118Z"/>
    <EventRecordID>117344</EventRecordID>
    <Correlation/>
    <Execution ProcessID="3684" ThreadID="3968"/>
    <Channel>Microsoft-Windows-Sysmon/Operational</Channel>
    <Computer>WKSTN-064.corp.local</Computer>
    <Security UserID="S-1-5-18"/>
  </System>
  <EventData>
    <Data Name="RuleName">-</Data>
    <Data Name="UtcTime">2026-07-11 18:46:12.771</Data>
    <Data Name="ProcessGuid">{b2e5222a-45e0-668e-61df-d84132f72121}</Data>
    <Data Name="ProcessId">2949</Data>
    <Data Name="Image">C:\Program Files\Git\bin\git.exe</Data>
    <Data Name="FileVersion">10.0.19041.1 (WinBuild.160101.0800)</Data>
    <Data Name="Description">Git</Data>
    <Data Name="Product">Git</Data>
    <Data Name="Company">The Git Development Community</Data>
    <Data Name="OriginalFileName">git.exe</Data>
    <Data Name="CommandLine">git status</Data>
    <Data Name="CurrentDirectory">C:\Users\dsingh\</Data>
    <Data Name="User">CORP\dsingh</Data>
    <Data Name="LogonGuid">{a65980fd-dbef-668e-ca96-b538d7259a78}</Data>
    <Data Name="LogonId">0xb328d4</Data>
    <Data Name="TerminalSessionId">2</Data>
    <Data Name="IntegrityLevel">Medium</Data>
    <Data Name="Hashes">MD5=E822C18E354568898E99BC99A2853BE4,SHA256=284C1F2762874EC9C346BA8B4A36E50DEE61E0768CC51FA6326526A0E79AA0B1</Data>
    <Data Name="ParentProcessGuid">{308c11a5-19ac-668e-dcb2-06b6f54e7505}</Data>
    <Data Name="ParentProcessId">9228</Data>
    <Data Name="ParentImage">C:\Users\dsingh\AppData\Local\Programs\Microsoft VS Code\Code.exe</Data>
    <Data Name="ParentCommandLine">"Code.exe"</Data>
    <Data Name="ParentUser">CORP\dsingh</Data>
  </EventData>
</Event>
<Event>
  <System>
    <Provider Name="Microsoft-Windows-Sysmon" Guid="{5770385f-c22a-43e0-bf4c-06f5698ffbd9}"/>
    <EventID>1</EventID>
    <Version>5</Version>
    <Level>4</Level>
    <Task>1</Task>
    <Opcode>0</Opcode>
    <Keywords>0x8000000000000000</Keywords>
    <TimeCreated SystemTime="2026-07-11T18:57:30.3530073Z"/>
    <EventRecordID>117388</EventRecordID>
    <Correlation/>
    <Execution ProcessID="3684" ThreadID="3968"/>
    <Channel>Microsoft-Windows-Sysmon/Operational</Channel>
    <Computer>WKSTN-005.corp.local</Computer>
    <Security UserID="S-1-5-18"/>
  </System>
  <EventData>
    <Data Name="RuleName">-</Data>
    <Data Name="UtcTime">2026-07-11 18:57:30.353</Data>
    <Data Name="ProcessGuid">{4743c27e-2a0f-668e-74f3-9c7ba949dd6e}</Data>
    <Data Name="ProcessId">7484</Data>
    <Data Name="Image">C:\Program Files\Google\Chrome\Application\chrome.exe</Data>
    <Data Name="FileVersion">10.0.19041.1 (WinBuild.160101.0800)</Data>
    <Data Name="Description">Google Chrome</Data>
    <Data Name="Product">Google Chrome</Data>
    <Data Name="Company">Google LLC</Data>
    <Data Name="OriginalFileName">chrome.exe</Data>
    <Data Name="CommandLine">"C:\Program Files\Google\Chrome\Application\chrome.exe"</Data>
    <Data Name="CurrentDirectory">C:\Users\njones\</Data>
    <Data Name="User">CORP\njones</Data>
    <Data Name="LogonGuid">{7303b80a-2875-668e-f7f8-188f226491d4}</Data>
    <Data Name="LogonId">0xcf7a43</Data>
    <Data Name="TerminalSessionId">2</Data>
    <Data Name="IntegrityLevel">Medium</Data>
    <Data Name="Hashes">MD5=29D376B8E67F15AABC69383BEE31E844,SHA256=6DDB4B38305E8AE8BDB4B0FD67F7D96B7F3539C71F11A6085C647215CBAF9F89</Data>
    <Data Name="ParentProcessGuid">{51656744-f198-668e-74f9-05cbaa58b157}</Data>
    <Data Name="ParentProcessId">1263</Data>
    <Data Name="ParentImage">C:\Windows\explorer.exe</Data>
    <Data Name="ParentCommandLine">"C:\Windows\explorer.exe"</Data>
    <Data Name="ParentUser">CORP\njones</Data>
  </EventData>
</Event>
</Events>
